ARM GAS  /tmp/ccQV9Vdg.s 			page 1


   1              		.cpu cortex-m3
   2              		.arch armv7-m
   3              		.fpu softvfp
   4              		.eabi_attribute 20, 1
   5              		.eabi_attribute 21, 1
   6              		.eabi_attribute 23, 3
   7              		.eabi_attribute 24, 1
   8              		.eabi_attribute 25, 1
   9              		.eabi_attribute 26, 1
  10              		.eabi_attribute 30, 1
  11              		.eabi_attribute 34, 1
  12              		.eabi_attribute 18, 4
  13              		.file	"main.c"
  14              		.text
  15              	.Ltext0:
  16              		.cfi_sections	.debug_frame
  17              		.file 1 "./User/main.c"
  18              		.section	.text.main,"ax",%progbits
  19              		.align	1
  20              		.global	main
  21              		.syntax unified
  22              		.thumb
  23              		.thumb_func
  25              	main:
  26              	.LFB29:
   1:./User/main.c **** #include "stm32f10x.h"
   2:./User/main.c **** 
   3:./User/main.c **** int main()
   4:./User/main.c **** {
  27              		.loc 1 4 1 view -0
  28              		.cfi_startproc
  29              		@ Volatile: function does not return.
  30              		@ args = 0, pretend = 0, frame = 0
  31              		@ frame_needed = 0, uses_anonymous_args = 0
  32              		@ link register save eliminated.
   5:./User/main.c ****   RCC->APB2ENR = 0x00000010;
  33              		.loc 1 5 3 view .LVU1
  34              		.loc 1 5 16 is_stmt 0 view .LVU2
  35 0000 054B     		ldr	r3, .L3
  36 0002 1022     		movs	r2, #16
  37 0004 9A61     		str	r2, [r3, #24]
   6:./User/main.c ****   GPIOC->CRH = 0x00300000;
  38              		.loc 1 6 3 is_stmt 1 view .LVU3
  39              		.loc 1 6 14 is_stmt 0 view .LVU4
  40 0006 A3F58033 		sub	r3, r3, #65536
  41 000a 4FF44012 		mov	r2, #3145728
  42 000e 5A60     		str	r2, [r3, #4]
   7:./User/main.c ****   GPIOC->ODR = 0x00000000;
  43              		.loc 1 7 3 is_stmt 1 view .LVU5
  44              		.loc 1 7 14 is_stmt 0 view .LVU6
  45 0010 0022     		movs	r2, #0
  46 0012 DA60     		str	r2, [r3, #12]
  47              	.L2:
   8:./User/main.c ****   while (1)
  48              		.loc 1 8 3 is_stmt 1 view .LVU7
   9:./User/main.c ****   {
  10:./User/main.c ****     /* code */
ARM GAS  /tmp/ccQV9Vdg.s 			page 2


  11:./User/main.c ****   }
  49              		.loc 1 11 3 view .LVU8
   8:./User/main.c ****   while (1)
  50              		.loc 1 8 9 view .LVU9
  51 0014 FEE7     		b	.L2
  52              	.L4:
  53 0016 00BF     		.align	2
  54              	.L3:
  55 0018 00100240 		.word	1073876992
  56              		.cfi_endproc
  57              	.LFE29:
  59              		.text
  60              	.Letext0:
  61              		.file 2 "/usr/arm-none-eabi/include/machine/_default_types.h"
  62              		.file 3 "/usr/arm-none-eabi/include/sys/_stdint.h"
  63              		.file 4 "./Libraries/CMSIS/CM3/DeviceSupport/ST/STM32F10x/stm32f10x.h"
ARM GAS  /tmp/ccQV9Vdg.s 			page 3


DEFINED SYMBOLS
                            *ABS*:00000000 main.c
     /tmp/ccQV9Vdg.s:19     .text.main:00000000 $t
     /tmp/ccQV9Vdg.s:25     .text.main:00000000 main
     /tmp/ccQV9Vdg.s:55     .text.main:00000018 $d

NO UNDEFINED SYMBOLS
