ARM GAS  /tmp/ccEBTAay.s 			page 1


   1              		.cpu cortex-m3
   2              		.arch armv7-m
   3              		.fpu softvfp
   4              		.eabi_attribute 20, 1
   5              		.eabi_attribute 21, 1
   6              		.eabi_attribute 23, 3
   7              		.eabi_attribute 24, 1
   8              		.eabi_attribute 25, 1
   9              		.eabi_attribute 26, 1
  10              		.eabi_attribute 30, 1
  11              		.eabi_attribute 34, 1
  12              		.eabi_attribute 18, 4
  13              		.file	"stm32f10x_cec.c"
  14              		.text
  15              	.Ltext0:
  16              		.cfi_sections	.debug_frame
  17              		.file 1 "./Libraries/STM32F10x_StdPeriph_Driver/src/stm32f10x_cec.c"
  18              		.section	.text.CEC_DeInit,"ax",%progbits
  19              		.align	1
  20              		.global	CEC_DeInit
  21              		.syntax unified
  22              		.thumb
  23              		.thumb_func
  25              	CEC_DeInit:
  26              	.LFB29:
   1:./Libraries/STM32F10x_StdPeriph_Driver/src/stm32f10x_cec.c **** /**
   2:./Libraries/STM32F10x_StdPeriph_Driver/src/stm32f10x_cec.c ****   ******************************************************************************
   3:./Libraries/STM32F10x_StdPeriph_Driver/src/stm32f10x_cec.c ****   * @file    stm32f10x_cec.c
   4:./Libraries/STM32F10x_StdPeriph_Driver/src/stm32f10x_cec.c ****   * @author  MCD Application Team
   5:./Libraries/STM32F10x_StdPeriph_Driver/src/stm32f10x_cec.c ****   * @version V3.6.2
   6:./Libraries/STM32F10x_StdPeriph_Driver/src/stm32f10x_cec.c ****   * @date    17-September-2021
   7:./Libraries/STM32F10x_StdPeriph_Driver/src/stm32f10x_cec.c ****   * @brief   This file provides all the CEC firmware functions.
   8:./Libraries/STM32F10x_StdPeriph_Driver/src/stm32f10x_cec.c ****   ******************************************************************************
   9:./Libraries/STM32F10x_StdPeriph_Driver/src/stm32f10x_cec.c ****   * @attention
  10:./Libraries/STM32F10x_StdPeriph_Driver/src/stm32f10x_cec.c ****   *
  11:./Libraries/STM32F10x_StdPeriph_Driver/src/stm32f10x_cec.c ****   * Copyright (c) 2012 STMicroelectronics.
  12:./Libraries/STM32F10x_StdPeriph_Driver/src/stm32f10x_cec.c ****   * All rights reserved.
  13:./Libraries/STM32F10x_StdPeriph_Driver/src/stm32f10x_cec.c ****   *
  14:./Libraries/STM32F10x_StdPeriph_Driver/src/stm32f10x_cec.c ****   * This software is licensed under terms that can be found in the LICENSE file
  15:./Libraries/STM32F10x_StdPeriph_Driver/src/stm32f10x_cec.c ****   * in the root directory of this software component.
  16:./Libraries/STM32F10x_StdPeriph_Driver/src/stm32f10x_cec.c ****   * If no LICENSE file comes with this software, it is provided AS-IS.
  17:./Libraries/STM32F10x_StdPeriph_Driver/src/stm32f10x_cec.c ****   *
  18:./Libraries/STM32F10x_StdPeriph_Driver/src/stm32f10x_cec.c ****   ******************************************************************************
  19:./Libraries/STM32F10x_StdPeriph_Driver/src/stm32f10x_cec.c ****   */
  20:./Libraries/STM32F10x_StdPeriph_Driver/src/stm32f10x_cec.c **** 
  21:./Libraries/STM32F10x_StdPeriph_Driver/src/stm32f10x_cec.c **** /* Includes ------------------------------------------------------------------*/
  22:./Libraries/STM32F10x_StdPeriph_Driver/src/stm32f10x_cec.c **** #include "stm32f10x_cec.h"
  23:./Libraries/STM32F10x_StdPeriph_Driver/src/stm32f10x_cec.c **** #include "stm32f10x_rcc.h"
  24:./Libraries/STM32F10x_StdPeriph_Driver/src/stm32f10x_cec.c **** 
  25:./Libraries/STM32F10x_StdPeriph_Driver/src/stm32f10x_cec.c **** /** @addtogroup STM32F10x_StdPeriph_Driver
  26:./Libraries/STM32F10x_StdPeriph_Driver/src/stm32f10x_cec.c ****   * @{
  27:./Libraries/STM32F10x_StdPeriph_Driver/src/stm32f10x_cec.c ****   */
  28:./Libraries/STM32F10x_StdPeriph_Driver/src/stm32f10x_cec.c **** 
  29:./Libraries/STM32F10x_StdPeriph_Driver/src/stm32f10x_cec.c **** /** @defgroup CEC 
  30:./Libraries/STM32F10x_StdPeriph_Driver/src/stm32f10x_cec.c ****   * @brief CEC driver modules
  31:./Libraries/STM32F10x_StdPeriph_Driver/src/stm32f10x_cec.c ****   * @{
  32:./Libraries/STM32F10x_StdPeriph_Driver/src/stm32f10x_cec.c ****   */
ARM GAS  /tmp/ccEBTAay.s 			page 2


  33:./Libraries/STM32F10x_StdPeriph_Driver/src/stm32f10x_cec.c **** 
  34:./Libraries/STM32F10x_StdPeriph_Driver/src/stm32f10x_cec.c **** /** @defgroup CEC_Private_TypesDefinitions
  35:./Libraries/STM32F10x_StdPeriph_Driver/src/stm32f10x_cec.c ****   * @{
  36:./Libraries/STM32F10x_StdPeriph_Driver/src/stm32f10x_cec.c ****   */
  37:./Libraries/STM32F10x_StdPeriph_Driver/src/stm32f10x_cec.c **** 
  38:./Libraries/STM32F10x_StdPeriph_Driver/src/stm32f10x_cec.c **** /**
  39:./Libraries/STM32F10x_StdPeriph_Driver/src/stm32f10x_cec.c ****   * @}
  40:./Libraries/STM32F10x_StdPeriph_Driver/src/stm32f10x_cec.c ****   */
  41:./Libraries/STM32F10x_StdPeriph_Driver/src/stm32f10x_cec.c **** 
  42:./Libraries/STM32F10x_StdPeriph_Driver/src/stm32f10x_cec.c **** 
  43:./Libraries/STM32F10x_StdPeriph_Driver/src/stm32f10x_cec.c **** /** @defgroup CEC_Private_Defines
  44:./Libraries/STM32F10x_StdPeriph_Driver/src/stm32f10x_cec.c ****   * @{
  45:./Libraries/STM32F10x_StdPeriph_Driver/src/stm32f10x_cec.c ****   */ 
  46:./Libraries/STM32F10x_StdPeriph_Driver/src/stm32f10x_cec.c **** 
  47:./Libraries/STM32F10x_StdPeriph_Driver/src/stm32f10x_cec.c **** /* ------------ CEC registers bit address in the alias region ----------- */
  48:./Libraries/STM32F10x_StdPeriph_Driver/src/stm32f10x_cec.c **** #define CEC_OFFSET                (CEC_BASE - PERIPH_BASE)
  49:./Libraries/STM32F10x_StdPeriph_Driver/src/stm32f10x_cec.c **** 
  50:./Libraries/STM32F10x_StdPeriph_Driver/src/stm32f10x_cec.c **** /* --- CFGR Register ---*/
  51:./Libraries/STM32F10x_StdPeriph_Driver/src/stm32f10x_cec.c **** 
  52:./Libraries/STM32F10x_StdPeriph_Driver/src/stm32f10x_cec.c **** /* Alias word address of PE bit */
  53:./Libraries/STM32F10x_StdPeriph_Driver/src/stm32f10x_cec.c **** #define CFGR_OFFSET                 (CEC_OFFSET + 0x00)
  54:./Libraries/STM32F10x_StdPeriph_Driver/src/stm32f10x_cec.c **** #define PE_BitNumber                0x00
  55:./Libraries/STM32F10x_StdPeriph_Driver/src/stm32f10x_cec.c **** #define CFGR_PE_BB                  (PERIPH_BB_BASE + (CFGR_OFFSET * 32) + (PE_BitNumber * 4))
  56:./Libraries/STM32F10x_StdPeriph_Driver/src/stm32f10x_cec.c **** 
  57:./Libraries/STM32F10x_StdPeriph_Driver/src/stm32f10x_cec.c **** /* Alias word address of IE bit */
  58:./Libraries/STM32F10x_StdPeriph_Driver/src/stm32f10x_cec.c **** #define IE_BitNumber                0x01
  59:./Libraries/STM32F10x_StdPeriph_Driver/src/stm32f10x_cec.c **** #define CFGR_IE_BB                  (PERIPH_BB_BASE + (CFGR_OFFSET * 32) + (IE_BitNumber * 4))
  60:./Libraries/STM32F10x_StdPeriph_Driver/src/stm32f10x_cec.c **** 
  61:./Libraries/STM32F10x_StdPeriph_Driver/src/stm32f10x_cec.c **** /* --- CSR Register ---*/
  62:./Libraries/STM32F10x_StdPeriph_Driver/src/stm32f10x_cec.c **** 
  63:./Libraries/STM32F10x_StdPeriph_Driver/src/stm32f10x_cec.c **** /* Alias word address of TSOM bit */
  64:./Libraries/STM32F10x_StdPeriph_Driver/src/stm32f10x_cec.c **** #define CSR_OFFSET                  (CEC_OFFSET + 0x10)
  65:./Libraries/STM32F10x_StdPeriph_Driver/src/stm32f10x_cec.c **** #define TSOM_BitNumber              0x00
  66:./Libraries/STM32F10x_StdPeriph_Driver/src/stm32f10x_cec.c **** #define CSR_TSOM_BB                 (PERIPH_BB_BASE + (CSR_OFFSET * 32) + (TSOM_BitNumber * 4))
  67:./Libraries/STM32F10x_StdPeriph_Driver/src/stm32f10x_cec.c **** 
  68:./Libraries/STM32F10x_StdPeriph_Driver/src/stm32f10x_cec.c **** /* Alias word address of TEOM bit */
  69:./Libraries/STM32F10x_StdPeriph_Driver/src/stm32f10x_cec.c **** #define TEOM_BitNumber              0x01
  70:./Libraries/STM32F10x_StdPeriph_Driver/src/stm32f10x_cec.c **** #define CSR_TEOM_BB                 (PERIPH_BB_BASE + (CSR_OFFSET * 32) + (TEOM_BitNumber * 4))
  71:./Libraries/STM32F10x_StdPeriph_Driver/src/stm32f10x_cec.c ****   
  72:./Libraries/STM32F10x_StdPeriph_Driver/src/stm32f10x_cec.c **** #define CFGR_CLEAR_Mask            (uint8_t)(0xF3)        /* CFGR register Mask */
  73:./Libraries/STM32F10x_StdPeriph_Driver/src/stm32f10x_cec.c **** #define FLAG_Mask                  ((uint32_t)0x00FFFFFF) /* CEC FLAG mask */
  74:./Libraries/STM32F10x_StdPeriph_Driver/src/stm32f10x_cec.c ****  
  75:./Libraries/STM32F10x_StdPeriph_Driver/src/stm32f10x_cec.c **** /**
  76:./Libraries/STM32F10x_StdPeriph_Driver/src/stm32f10x_cec.c ****   * @}
  77:./Libraries/STM32F10x_StdPeriph_Driver/src/stm32f10x_cec.c ****   */ 
  78:./Libraries/STM32F10x_StdPeriph_Driver/src/stm32f10x_cec.c **** 
  79:./Libraries/STM32F10x_StdPeriph_Driver/src/stm32f10x_cec.c **** 
  80:./Libraries/STM32F10x_StdPeriph_Driver/src/stm32f10x_cec.c **** /** @defgroup CEC_Private_Macros
  81:./Libraries/STM32F10x_StdPeriph_Driver/src/stm32f10x_cec.c ****   * @{
  82:./Libraries/STM32F10x_StdPeriph_Driver/src/stm32f10x_cec.c ****   */ 
  83:./Libraries/STM32F10x_StdPeriph_Driver/src/stm32f10x_cec.c **** 
  84:./Libraries/STM32F10x_StdPeriph_Driver/src/stm32f10x_cec.c **** /**
  85:./Libraries/STM32F10x_StdPeriph_Driver/src/stm32f10x_cec.c ****   * @}
  86:./Libraries/STM32F10x_StdPeriph_Driver/src/stm32f10x_cec.c ****   */ 
  87:./Libraries/STM32F10x_StdPeriph_Driver/src/stm32f10x_cec.c **** 
  88:./Libraries/STM32F10x_StdPeriph_Driver/src/stm32f10x_cec.c **** 
  89:./Libraries/STM32F10x_StdPeriph_Driver/src/stm32f10x_cec.c **** /** @defgroup CEC_Private_Variables
ARM GAS  /tmp/ccEBTAay.s 			page 3


  90:./Libraries/STM32F10x_StdPeriph_Driver/src/stm32f10x_cec.c ****   * @{
  91:./Libraries/STM32F10x_StdPeriph_Driver/src/stm32f10x_cec.c ****   */ 
  92:./Libraries/STM32F10x_StdPeriph_Driver/src/stm32f10x_cec.c **** 
  93:./Libraries/STM32F10x_StdPeriph_Driver/src/stm32f10x_cec.c **** /**
  94:./Libraries/STM32F10x_StdPeriph_Driver/src/stm32f10x_cec.c ****   * @}
  95:./Libraries/STM32F10x_StdPeriph_Driver/src/stm32f10x_cec.c ****   */ 
  96:./Libraries/STM32F10x_StdPeriph_Driver/src/stm32f10x_cec.c **** 
  97:./Libraries/STM32F10x_StdPeriph_Driver/src/stm32f10x_cec.c **** 
  98:./Libraries/STM32F10x_StdPeriph_Driver/src/stm32f10x_cec.c **** /** @defgroup CEC_Private_FunctionPrototypes
  99:./Libraries/STM32F10x_StdPeriph_Driver/src/stm32f10x_cec.c ****   * @{
 100:./Libraries/STM32F10x_StdPeriph_Driver/src/stm32f10x_cec.c ****   */
 101:./Libraries/STM32F10x_StdPeriph_Driver/src/stm32f10x_cec.c ****  
 102:./Libraries/STM32F10x_StdPeriph_Driver/src/stm32f10x_cec.c **** /**
 103:./Libraries/STM32F10x_StdPeriph_Driver/src/stm32f10x_cec.c ****   * @}
 104:./Libraries/STM32F10x_StdPeriph_Driver/src/stm32f10x_cec.c ****   */ 
 105:./Libraries/STM32F10x_StdPeriph_Driver/src/stm32f10x_cec.c **** 
 106:./Libraries/STM32F10x_StdPeriph_Driver/src/stm32f10x_cec.c **** 
 107:./Libraries/STM32F10x_StdPeriph_Driver/src/stm32f10x_cec.c **** /** @defgroup CEC_Private_Functions
 108:./Libraries/STM32F10x_StdPeriph_Driver/src/stm32f10x_cec.c ****   * @{
 109:./Libraries/STM32F10x_StdPeriph_Driver/src/stm32f10x_cec.c ****   */ 
 110:./Libraries/STM32F10x_StdPeriph_Driver/src/stm32f10x_cec.c **** 
 111:./Libraries/STM32F10x_StdPeriph_Driver/src/stm32f10x_cec.c **** /**
 112:./Libraries/STM32F10x_StdPeriph_Driver/src/stm32f10x_cec.c ****   * @brief  Deinitializes the CEC peripheral registers to their default reset 
 113:./Libraries/STM32F10x_StdPeriph_Driver/src/stm32f10x_cec.c ****   *         values.
 114:./Libraries/STM32F10x_StdPeriph_Driver/src/stm32f10x_cec.c ****   * @param  None
 115:./Libraries/STM32F10x_StdPeriph_Driver/src/stm32f10x_cec.c ****   * @retval None
 116:./Libraries/STM32F10x_StdPeriph_Driver/src/stm32f10x_cec.c ****   */
 117:./Libraries/STM32F10x_StdPeriph_Driver/src/stm32f10x_cec.c **** void CEC_DeInit(void)
 118:./Libraries/STM32F10x_StdPeriph_Driver/src/stm32f10x_cec.c **** {
  27              		.loc 1 118 1 view -0
  28              		.cfi_startproc
  29              		@ args = 0, pretend = 0, frame = 0
  30              		@ frame_needed = 0, uses_anonymous_args = 0
  31 0000 08B5     		push	{r3, lr}
  32              	.LCFI0:
  33              		.cfi_def_cfa_offset 8
  34              		.cfi_offset 3, -8
  35              		.cfi_offset 14, -4
 119:./Libraries/STM32F10x_StdPeriph_Driver/src/stm32f10x_cec.c ****   /* Enable CEC reset state */
 120:./Libraries/STM32F10x_StdPeriph_Driver/src/stm32f10x_cec.c ****   RCC_APB1PeriphResetCmd(RCC_APB1Periph_CEC, ENABLE);  
  36              		.loc 1 120 3 view .LVU1
  37 0002 0121     		movs	r1, #1
  38 0004 4FF08040 		mov	r0, #1073741824
  39 0008 FFF7FEFF 		bl	RCC_APB1PeriphResetCmd
  40              	.LVL0:
 121:./Libraries/STM32F10x_StdPeriph_Driver/src/stm32f10x_cec.c ****   /* Release CEC from reset state */
 122:./Libraries/STM32F10x_StdPeriph_Driver/src/stm32f10x_cec.c ****   RCC_APB1PeriphResetCmd(RCC_APB1Periph_CEC, DISABLE); 
  41              		.loc 1 122 3 view .LVU2
  42 000c 0021     		movs	r1, #0
  43 000e 4FF08040 		mov	r0, #1073741824
  44 0012 FFF7FEFF 		bl	RCC_APB1PeriphResetCmd
  45              	.LVL1:
 123:./Libraries/STM32F10x_StdPeriph_Driver/src/stm32f10x_cec.c **** }
  46              		.loc 1 123 1 is_stmt 0 view .LVU3
  47 0016 08BD     		pop	{r3, pc}
  48              		.cfi_endproc
  49              	.LFE29:
ARM GAS  /tmp/ccEBTAay.s 			page 4


  51              		.section	.text.CEC_Init,"ax",%progbits
  52              		.align	1
  53              		.global	CEC_Init
  54              		.syntax unified
  55              		.thumb
  56              		.thumb_func
  58              	CEC_Init:
  59              	.LVL2:
  60              	.LFB30:
 124:./Libraries/STM32F10x_StdPeriph_Driver/src/stm32f10x_cec.c **** 
 125:./Libraries/STM32F10x_StdPeriph_Driver/src/stm32f10x_cec.c **** 
 126:./Libraries/STM32F10x_StdPeriph_Driver/src/stm32f10x_cec.c **** /**
 127:./Libraries/STM32F10x_StdPeriph_Driver/src/stm32f10x_cec.c ****   * @brief  Initializes the CEC peripheral according to the specified 
 128:./Libraries/STM32F10x_StdPeriph_Driver/src/stm32f10x_cec.c ****   *         parameters in the CEC_InitStruct.
 129:./Libraries/STM32F10x_StdPeriph_Driver/src/stm32f10x_cec.c ****   * @param  CEC_InitStruct: pointer to an CEC_InitTypeDef structure that
 130:./Libraries/STM32F10x_StdPeriph_Driver/src/stm32f10x_cec.c ****   *         contains the configuration information for the specified
 131:./Libraries/STM32F10x_StdPeriph_Driver/src/stm32f10x_cec.c ****   *         CEC peripheral.
 132:./Libraries/STM32F10x_StdPeriph_Driver/src/stm32f10x_cec.c ****   * @retval None
 133:./Libraries/STM32F10x_StdPeriph_Driver/src/stm32f10x_cec.c ****   */
 134:./Libraries/STM32F10x_StdPeriph_Driver/src/stm32f10x_cec.c **** void CEC_Init(CEC_InitTypeDef* CEC_InitStruct)
 135:./Libraries/STM32F10x_StdPeriph_Driver/src/stm32f10x_cec.c **** {
  61              		.loc 1 135 1 is_stmt 1 view -0
  62              		.cfi_startproc
  63              		@ args = 0, pretend = 0, frame = 0
  64              		@ frame_needed = 0, uses_anonymous_args = 0
  65              		@ link register save eliminated.
 136:./Libraries/STM32F10x_StdPeriph_Driver/src/stm32f10x_cec.c ****   uint16_t tmpreg = 0;
  66              		.loc 1 136 3 view .LVU5
 137:./Libraries/STM32F10x_StdPeriph_Driver/src/stm32f10x_cec.c ****  
 138:./Libraries/STM32F10x_StdPeriph_Driver/src/stm32f10x_cec.c ****   /* Check the parameters */
 139:./Libraries/STM32F10x_StdPeriph_Driver/src/stm32f10x_cec.c ****   assert_param(IS_CEC_BIT_TIMING_ERROR_MODE(CEC_InitStruct->CEC_BitTimingMode)); 
  67              		.loc 1 139 3 view .LVU6
 140:./Libraries/STM32F10x_StdPeriph_Driver/src/stm32f10x_cec.c ****   assert_param(IS_CEC_BIT_PERIOD_ERROR_MODE(CEC_InitStruct->CEC_BitPeriodMode));
  68              		.loc 1 140 3 view .LVU7
 141:./Libraries/STM32F10x_StdPeriph_Driver/src/stm32f10x_cec.c ****      
 142:./Libraries/STM32F10x_StdPeriph_Driver/src/stm32f10x_cec.c ****   /*---------------------------- CEC CFGR Configuration -----------------*/
 143:./Libraries/STM32F10x_StdPeriph_Driver/src/stm32f10x_cec.c ****   /* Get the CEC CFGR value */
 144:./Libraries/STM32F10x_StdPeriph_Driver/src/stm32f10x_cec.c ****   tmpreg = CEC->CFGR;
  69              		.loc 1 144 3 view .LVU8
  70              		.loc 1 144 15 is_stmt 0 view .LVU9
  71 0000 0449     		ldr	r1, .L4
  72 0002 0A68     		ldr	r2, [r1]
  73              	.LVL3:
 145:./Libraries/STM32F10x_StdPeriph_Driver/src/stm32f10x_cec.c ****   
 146:./Libraries/STM32F10x_StdPeriph_Driver/src/stm32f10x_cec.c ****   /* Clear BTEM and BPEM bits */
 147:./Libraries/STM32F10x_StdPeriph_Driver/src/stm32f10x_cec.c ****   tmpreg &= CFGR_CLEAR_Mask;
  74              		.loc 1 147 3 is_stmt 1 view .LVU10
  75              		.loc 1 147 10 is_stmt 0 view .LVU11
  76 0004 02F0F302 		and	r2, r2, #243
  77              	.LVL4:
 148:./Libraries/STM32F10x_StdPeriph_Driver/src/stm32f10x_cec.c ****   
 149:./Libraries/STM32F10x_StdPeriph_Driver/src/stm32f10x_cec.c ****   /* Configure CEC: Bit Timing Error and Bit Period Error */
 150:./Libraries/STM32F10x_StdPeriph_Driver/src/stm32f10x_cec.c ****   tmpreg |= (uint16_t)(CEC_InitStruct->CEC_BitTimingMode | CEC_InitStruct->CEC_BitPeriodMode);
  78              		.loc 1 150 3 is_stmt 1 view .LVU12
  79              		.loc 1 150 38 is_stmt 0 view .LVU13
  80 0008 0388     		ldrh	r3, [r0]
  81              		.loc 1 150 74 view .LVU14
ARM GAS  /tmp/ccEBTAay.s 			page 5


  82 000a 4088     		ldrh	r0, [r0, #2]
  83              	.LVL5:
  84              		.loc 1 150 13 view .LVU15
  85 000c 0343     		orrs	r3, r3, r0
  86              		.loc 1 150 10 view .LVU16
  87 000e 1343     		orrs	r3, r3, r2
  88              	.LVL6:
 151:./Libraries/STM32F10x_StdPeriph_Driver/src/stm32f10x_cec.c **** 
 152:./Libraries/STM32F10x_StdPeriph_Driver/src/stm32f10x_cec.c ****   /* Write to CEC CFGR  register*/
 153:./Libraries/STM32F10x_StdPeriph_Driver/src/stm32f10x_cec.c ****   CEC->CFGR = tmpreg;
  89              		.loc 1 153 3 is_stmt 1 view .LVU17
  90              		.loc 1 153 13 is_stmt 0 view .LVU18
  91 0010 0B60     		str	r3, [r1]
 154:./Libraries/STM32F10x_StdPeriph_Driver/src/stm32f10x_cec.c ****   
 155:./Libraries/STM32F10x_StdPeriph_Driver/src/stm32f10x_cec.c **** }
  92              		.loc 1 155 1 view .LVU19
  93 0012 7047     		bx	lr
  94              	.L5:
  95              		.align	2
  96              	.L4:
  97 0014 00780040 		.word	1073772544
  98              		.cfi_endproc
  99              	.LFE30:
 101              		.section	.text.CEC_Cmd,"ax",%progbits
 102              		.align	1
 103              		.global	CEC_Cmd
 104              		.syntax unified
 105              		.thumb
 106              		.thumb_func
 108              	CEC_Cmd:
 109              	.LVL7:
 110              	.LFB31:
 156:./Libraries/STM32F10x_StdPeriph_Driver/src/stm32f10x_cec.c **** 
 157:./Libraries/STM32F10x_StdPeriph_Driver/src/stm32f10x_cec.c **** /**
 158:./Libraries/STM32F10x_StdPeriph_Driver/src/stm32f10x_cec.c ****   * @brief  Enables or disables the specified CEC peripheral.
 159:./Libraries/STM32F10x_StdPeriph_Driver/src/stm32f10x_cec.c ****   * @param  NewState: new state of the CEC peripheral. 
 160:./Libraries/STM32F10x_StdPeriph_Driver/src/stm32f10x_cec.c ****   *     This parameter can be: ENABLE or DISABLE.
 161:./Libraries/STM32F10x_StdPeriph_Driver/src/stm32f10x_cec.c ****   * @retval None
 162:./Libraries/STM32F10x_StdPeriph_Driver/src/stm32f10x_cec.c ****   */
 163:./Libraries/STM32F10x_StdPeriph_Driver/src/stm32f10x_cec.c **** void CEC_Cmd(FunctionalState NewState)
 164:./Libraries/STM32F10x_StdPeriph_Driver/src/stm32f10x_cec.c **** {
 111              		.loc 1 164 1 is_stmt 1 view -0
 112              		.cfi_startproc
 113              		@ args = 0, pretend = 0, frame = 0
 114              		@ frame_needed = 0, uses_anonymous_args = 0
 115              		@ link register save eliminated.
 165:./Libraries/STM32F10x_StdPeriph_Driver/src/stm32f10x_cec.c ****   /* Check the parameters */
 166:./Libraries/STM32F10x_StdPeriph_Driver/src/stm32f10x_cec.c ****   assert_param(IS_FUNCTIONAL_STATE(NewState));
 116              		.loc 1 166 3 view .LVU21
 167:./Libraries/STM32F10x_StdPeriph_Driver/src/stm32f10x_cec.c **** 
 168:./Libraries/STM32F10x_StdPeriph_Driver/src/stm32f10x_cec.c ****   *(__IO uint32_t *) CFGR_PE_BB = (uint32_t)NewState;
 117              		.loc 1 168 3 view .LVU22
 118              		.loc 1 168 33 is_stmt 0 view .LVU23
 119 0000 044B     		ldr	r3, .L9
 120 0002 1860     		str	r0, [r3]
 169:./Libraries/STM32F10x_StdPeriph_Driver/src/stm32f10x_cec.c **** 
 170:./Libraries/STM32F10x_StdPeriph_Driver/src/stm32f10x_cec.c ****   if(NewState == DISABLE)
ARM GAS  /tmp/ccEBTAay.s 			page 6


 121              		.loc 1 170 3 is_stmt 1 view .LVU24
 122              		.loc 1 170 5 is_stmt 0 view .LVU25
 123 0004 20B9     		cbnz	r0, .L6
 124              	.L8:
 171:./Libraries/STM32F10x_StdPeriph_Driver/src/stm32f10x_cec.c ****   {
 172:./Libraries/STM32F10x_StdPeriph_Driver/src/stm32f10x_cec.c ****     /* Wait until the PE bit is cleared by hardware (Idle Line detected) */
 173:./Libraries/STM32F10x_StdPeriph_Driver/src/stm32f10x_cec.c ****     while((CEC->CFGR & CEC_CFGR_PE) != (uint32_t)RESET)
 174:./Libraries/STM32F10x_StdPeriph_Driver/src/stm32f10x_cec.c ****     {
 175:./Libraries/STM32F10x_StdPeriph_Driver/src/stm32f10x_cec.c ****     }  
 125              		.loc 1 175 5 is_stmt 1 view .LVU26
 173:./Libraries/STM32F10x_StdPeriph_Driver/src/stm32f10x_cec.c ****     {
 126              		.loc 1 173 37 discriminator 1 view .LVU27
 173:./Libraries/STM32F10x_StdPeriph_Driver/src/stm32f10x_cec.c ****     {
 127              		.loc 1 173 15 is_stmt 0 discriminator 1 view .LVU28
 128 0006 044B     		ldr	r3, .L9+4
 129 0008 1B68     		ldr	r3, [r3]
 173:./Libraries/STM32F10x_StdPeriph_Driver/src/stm32f10x_cec.c ****     {
 130              		.loc 1 173 37 discriminator 1 view .LVU29
 131 000a 13F0010F 		tst	r3, #1
 132 000e FAD1     		bne	.L8
 133              	.L6:
 176:./Libraries/STM32F10x_StdPeriph_Driver/src/stm32f10x_cec.c ****   }  
 177:./Libraries/STM32F10x_StdPeriph_Driver/src/stm32f10x_cec.c **** }
 134              		.loc 1 177 1 view .LVU30
 135 0010 7047     		bx	lr
 136              	.L10:
 137 0012 00BF     		.align	2
 138              	.L9:
 139 0014 00000F42 		.word	1108279296
 140 0018 00780040 		.word	1073772544
 141              		.cfi_endproc
 142              	.LFE31:
 144              		.section	.text.CEC_ITConfig,"ax",%progbits
 145              		.align	1
 146              		.global	CEC_ITConfig
 147              		.syntax unified
 148              		.thumb
 149              		.thumb_func
 151              	CEC_ITConfig:
 152              	.LVL8:
 153              	.LFB32:
 178:./Libraries/STM32F10x_StdPeriph_Driver/src/stm32f10x_cec.c **** 
 179:./Libraries/STM32F10x_StdPeriph_Driver/src/stm32f10x_cec.c **** /**
 180:./Libraries/STM32F10x_StdPeriph_Driver/src/stm32f10x_cec.c ****   * @brief  Enables or disables the CEC interrupt.
 181:./Libraries/STM32F10x_StdPeriph_Driver/src/stm32f10x_cec.c ****   * @param  NewState: new state of the CEC interrupt.
 182:./Libraries/STM32F10x_StdPeriph_Driver/src/stm32f10x_cec.c ****   *   This parameter can be: ENABLE or DISABLE.
 183:./Libraries/STM32F10x_StdPeriph_Driver/src/stm32f10x_cec.c ****   * @retval None
 184:./Libraries/STM32F10x_StdPeriph_Driver/src/stm32f10x_cec.c ****   */
 185:./Libraries/STM32F10x_StdPeriph_Driver/src/stm32f10x_cec.c **** void CEC_ITConfig(FunctionalState NewState)
 186:./Libraries/STM32F10x_StdPeriph_Driver/src/stm32f10x_cec.c **** {
 154              		.loc 1 186 1 is_stmt 1 view -0
 155              		.cfi_startproc
 156              		@ args = 0, pretend = 0, frame = 0
 157              		@ frame_needed = 0, uses_anonymous_args = 0
 158              		@ link register save eliminated.
 187:./Libraries/STM32F10x_StdPeriph_Driver/src/stm32f10x_cec.c ****   /* Check the parameters */
 188:./Libraries/STM32F10x_StdPeriph_Driver/src/stm32f10x_cec.c ****   assert_param(IS_FUNCTIONAL_STATE(NewState));
ARM GAS  /tmp/ccEBTAay.s 			page 7


 159              		.loc 1 188 3 view .LVU32
 189:./Libraries/STM32F10x_StdPeriph_Driver/src/stm32f10x_cec.c **** 
 190:./Libraries/STM32F10x_StdPeriph_Driver/src/stm32f10x_cec.c ****   *(__IO uint32_t *) CFGR_IE_BB = (uint32_t)NewState;
 160              		.loc 1 190 3 view .LVU33
 161              		.loc 1 190 33 is_stmt 0 view .LVU34
 162 0000 014B     		ldr	r3, .L12
 163 0002 5860     		str	r0, [r3, #4]
 191:./Libraries/STM32F10x_StdPeriph_Driver/src/stm32f10x_cec.c **** }
 164              		.loc 1 191 1 view .LVU35
 165 0004 7047     		bx	lr
 166              	.L13:
 167 0006 00BF     		.align	2
 168              	.L12:
 169 0008 00000F42 		.word	1108279296
 170              		.cfi_endproc
 171              	.LFE32:
 173              		.section	.text.CEC_OwnAddressConfig,"ax",%progbits
 174              		.align	1
 175              		.global	CEC_OwnAddressConfig
 176              		.syntax unified
 177              		.thumb
 178              		.thumb_func
 180              	CEC_OwnAddressConfig:
 181              	.LVL9:
 182              	.LFB33:
 192:./Libraries/STM32F10x_StdPeriph_Driver/src/stm32f10x_cec.c **** 
 193:./Libraries/STM32F10x_StdPeriph_Driver/src/stm32f10x_cec.c **** /**
 194:./Libraries/STM32F10x_StdPeriph_Driver/src/stm32f10x_cec.c ****   * @brief  Defines the Own Address of the CEC device.
 195:./Libraries/STM32F10x_StdPeriph_Driver/src/stm32f10x_cec.c ****   * @param  CEC_OwnAddress: The CEC own address
 196:./Libraries/STM32F10x_StdPeriph_Driver/src/stm32f10x_cec.c ****   * @retval None
 197:./Libraries/STM32F10x_StdPeriph_Driver/src/stm32f10x_cec.c ****   */
 198:./Libraries/STM32F10x_StdPeriph_Driver/src/stm32f10x_cec.c **** void CEC_OwnAddressConfig(uint8_t CEC_OwnAddress)
 199:./Libraries/STM32F10x_StdPeriph_Driver/src/stm32f10x_cec.c **** {
 183              		.loc 1 199 1 is_stmt 1 view -0
 184              		.cfi_startproc
 185              		@ args = 0, pretend = 0, frame = 0
 186              		@ frame_needed = 0, uses_anonymous_args = 0
 187              		@ link register save eliminated.
 200:./Libraries/STM32F10x_StdPeriph_Driver/src/stm32f10x_cec.c ****   /* Check the parameters */
 201:./Libraries/STM32F10x_StdPeriph_Driver/src/stm32f10x_cec.c ****   assert_param(IS_CEC_ADDRESS(CEC_OwnAddress));
 188              		.loc 1 201 3 view .LVU37
 202:./Libraries/STM32F10x_StdPeriph_Driver/src/stm32f10x_cec.c **** 
 203:./Libraries/STM32F10x_StdPeriph_Driver/src/stm32f10x_cec.c ****   /* Set the CEC own address */
 204:./Libraries/STM32F10x_StdPeriph_Driver/src/stm32f10x_cec.c ****   CEC->OAR = CEC_OwnAddress;
 189              		.loc 1 204 3 view .LVU38
 190              		.loc 1 204 12 is_stmt 0 view .LVU39
 191 0000 014B     		ldr	r3, .L15
 192 0002 5860     		str	r0, [r3, #4]
 205:./Libraries/STM32F10x_StdPeriph_Driver/src/stm32f10x_cec.c **** }
 193              		.loc 1 205 1 view .LVU40
 194 0004 7047     		bx	lr
 195              	.L16:
 196 0006 00BF     		.align	2
 197              	.L15:
 198 0008 00780040 		.word	1073772544
 199              		.cfi_endproc
 200              	.LFE33:
ARM GAS  /tmp/ccEBTAay.s 			page 8


 202              		.section	.text.CEC_SetPrescaler,"ax",%progbits
 203              		.align	1
 204              		.global	CEC_SetPrescaler
 205              		.syntax unified
 206              		.thumb
 207              		.thumb_func
 209              	CEC_SetPrescaler:
 210              	.LVL10:
 211              	.LFB34:
 206:./Libraries/STM32F10x_StdPeriph_Driver/src/stm32f10x_cec.c **** 
 207:./Libraries/STM32F10x_StdPeriph_Driver/src/stm32f10x_cec.c **** /**
 208:./Libraries/STM32F10x_StdPeriph_Driver/src/stm32f10x_cec.c ****   * @brief  Sets the CEC prescaler value.
 209:./Libraries/STM32F10x_StdPeriph_Driver/src/stm32f10x_cec.c ****   * @param  CEC_Prescaler: CEC prescaler new value
 210:./Libraries/STM32F10x_StdPeriph_Driver/src/stm32f10x_cec.c ****   * @retval None
 211:./Libraries/STM32F10x_StdPeriph_Driver/src/stm32f10x_cec.c ****   */
 212:./Libraries/STM32F10x_StdPeriph_Driver/src/stm32f10x_cec.c **** void CEC_SetPrescaler(uint16_t CEC_Prescaler)
 213:./Libraries/STM32F10x_StdPeriph_Driver/src/stm32f10x_cec.c **** {
 212              		.loc 1 213 1 is_stmt 1 view -0
 213              		.cfi_startproc
 214              		@ args = 0, pretend = 0, frame = 0
 215              		@ frame_needed = 0, uses_anonymous_args = 0
 216              		@ link register save eliminated.
 214:./Libraries/STM32F10x_StdPeriph_Driver/src/stm32f10x_cec.c ****   /* Check the parameters */
 215:./Libraries/STM32F10x_StdPeriph_Driver/src/stm32f10x_cec.c ****   assert_param(IS_CEC_PRESCALER(CEC_Prescaler));
 217              		.loc 1 215 3 view .LVU42
 216:./Libraries/STM32F10x_StdPeriph_Driver/src/stm32f10x_cec.c **** 
 217:./Libraries/STM32F10x_StdPeriph_Driver/src/stm32f10x_cec.c ****   /* Set the  Prescaler value*/
 218:./Libraries/STM32F10x_StdPeriph_Driver/src/stm32f10x_cec.c ****   CEC->PRES = CEC_Prescaler;
 218              		.loc 1 218 3 view .LVU43
 219              		.loc 1 218 13 is_stmt 0 view .LVU44
 220 0000 014B     		ldr	r3, .L18
 221 0002 9860     		str	r0, [r3, #8]
 219:./Libraries/STM32F10x_StdPeriph_Driver/src/stm32f10x_cec.c **** }
 222              		.loc 1 219 1 view .LVU45
 223 0004 7047     		bx	lr
 224              	.L19:
 225 0006 00BF     		.align	2
 226              	.L18:
 227 0008 00780040 		.word	1073772544
 228              		.cfi_endproc
 229              	.LFE34:
 231              		.section	.text.CEC_SendDataByte,"ax",%progbits
 232              		.align	1
 233              		.global	CEC_SendDataByte
 234              		.syntax unified
 235              		.thumb
 236              		.thumb_func
 238              	CEC_SendDataByte:
 239              	.LVL11:
 240              	.LFB35:
 220:./Libraries/STM32F10x_StdPeriph_Driver/src/stm32f10x_cec.c **** 
 221:./Libraries/STM32F10x_StdPeriph_Driver/src/stm32f10x_cec.c **** /**
 222:./Libraries/STM32F10x_StdPeriph_Driver/src/stm32f10x_cec.c ****   * @brief  Transmits single data through the CEC peripheral.
 223:./Libraries/STM32F10x_StdPeriph_Driver/src/stm32f10x_cec.c ****   * @param  Data: the data to transmit.
 224:./Libraries/STM32F10x_StdPeriph_Driver/src/stm32f10x_cec.c ****   * @retval None
 225:./Libraries/STM32F10x_StdPeriph_Driver/src/stm32f10x_cec.c ****   */
 226:./Libraries/STM32F10x_StdPeriph_Driver/src/stm32f10x_cec.c **** void CEC_SendDataByte(uint8_t Data)
ARM GAS  /tmp/ccEBTAay.s 			page 9


 227:./Libraries/STM32F10x_StdPeriph_Driver/src/stm32f10x_cec.c **** {  
 241              		.loc 1 227 1 is_stmt 1 view -0
 242              		.cfi_startproc
 243              		@ args = 0, pretend = 0, frame = 0
 244              		@ frame_needed = 0, uses_anonymous_args = 0
 245              		@ link register save eliminated.
 228:./Libraries/STM32F10x_StdPeriph_Driver/src/stm32f10x_cec.c ****   /* Transmit Data */
 229:./Libraries/STM32F10x_StdPeriph_Driver/src/stm32f10x_cec.c ****   CEC->TXD = Data ;
 246              		.loc 1 229 3 view .LVU47
 247              		.loc 1 229 12 is_stmt 0 view .LVU48
 248 0000 014B     		ldr	r3, .L21
 249 0002 5861     		str	r0, [r3, #20]
 230:./Libraries/STM32F10x_StdPeriph_Driver/src/stm32f10x_cec.c **** }
 250              		.loc 1 230 1 view .LVU49
 251 0004 7047     		bx	lr
 252              	.L22:
 253 0006 00BF     		.align	2
 254              	.L21:
 255 0008 00780040 		.word	1073772544
 256              		.cfi_endproc
 257              	.LFE35:
 259              		.section	.text.CEC_ReceiveDataByte,"ax",%progbits
 260              		.align	1
 261              		.global	CEC_ReceiveDataByte
 262              		.syntax unified
 263              		.thumb
 264              		.thumb_func
 266              	CEC_ReceiveDataByte:
 267              	.LFB36:
 231:./Libraries/STM32F10x_StdPeriph_Driver/src/stm32f10x_cec.c **** 
 232:./Libraries/STM32F10x_StdPeriph_Driver/src/stm32f10x_cec.c **** 
 233:./Libraries/STM32F10x_StdPeriph_Driver/src/stm32f10x_cec.c **** /**
 234:./Libraries/STM32F10x_StdPeriph_Driver/src/stm32f10x_cec.c ****   * @brief  Returns the most recent received data by the CEC peripheral.
 235:./Libraries/STM32F10x_StdPeriph_Driver/src/stm32f10x_cec.c ****   * @param  None
 236:./Libraries/STM32F10x_StdPeriph_Driver/src/stm32f10x_cec.c ****   * @retval The received data.
 237:./Libraries/STM32F10x_StdPeriph_Driver/src/stm32f10x_cec.c ****   */
 238:./Libraries/STM32F10x_StdPeriph_Driver/src/stm32f10x_cec.c **** uint8_t CEC_ReceiveDataByte(void)
 239:./Libraries/STM32F10x_StdPeriph_Driver/src/stm32f10x_cec.c **** {
 268              		.loc 1 239 1 is_stmt 1 view -0
 269              		.cfi_startproc
 270              		@ args = 0, pretend = 0, frame = 0
 271              		@ frame_needed = 0, uses_anonymous_args = 0
 272              		@ link register save eliminated.
 240:./Libraries/STM32F10x_StdPeriph_Driver/src/stm32f10x_cec.c ****   /* Receive Data */
 241:./Libraries/STM32F10x_StdPeriph_Driver/src/stm32f10x_cec.c ****   return (uint8_t)(CEC->RXD);
 273              		.loc 1 241 3 view .LVU51
 274              		.loc 1 241 23 is_stmt 0 view .LVU52
 275 0000 014B     		ldr	r3, .L24
 276 0002 9869     		ldr	r0, [r3, #24]
 242:./Libraries/STM32F10x_StdPeriph_Driver/src/stm32f10x_cec.c **** }
 277              		.loc 1 242 1 view .LVU53
 278 0004 C0B2     		uxtb	r0, r0
 279 0006 7047     		bx	lr
 280              	.L25:
 281              		.align	2
 282              	.L24:
 283 0008 00780040 		.word	1073772544
ARM GAS  /tmp/ccEBTAay.s 			page 10


 284              		.cfi_endproc
 285              	.LFE36:
 287              		.section	.text.CEC_StartOfMessage,"ax",%progbits
 288              		.align	1
 289              		.global	CEC_StartOfMessage
 290              		.syntax unified
 291              		.thumb
 292              		.thumb_func
 294              	CEC_StartOfMessage:
 295              	.LFB37:
 243:./Libraries/STM32F10x_StdPeriph_Driver/src/stm32f10x_cec.c **** 
 244:./Libraries/STM32F10x_StdPeriph_Driver/src/stm32f10x_cec.c **** /**
 245:./Libraries/STM32F10x_StdPeriph_Driver/src/stm32f10x_cec.c ****   * @brief  Starts a new message.
 246:./Libraries/STM32F10x_StdPeriph_Driver/src/stm32f10x_cec.c ****   * @param  None
 247:./Libraries/STM32F10x_StdPeriph_Driver/src/stm32f10x_cec.c ****   * @retval None
 248:./Libraries/STM32F10x_StdPeriph_Driver/src/stm32f10x_cec.c ****   */
 249:./Libraries/STM32F10x_StdPeriph_Driver/src/stm32f10x_cec.c **** void CEC_StartOfMessage(void)
 250:./Libraries/STM32F10x_StdPeriph_Driver/src/stm32f10x_cec.c **** {  
 296              		.loc 1 250 1 is_stmt 1 view -0
 297              		.cfi_startproc
 298              		@ args = 0, pretend = 0, frame = 0
 299              		@ frame_needed = 0, uses_anonymous_args = 0
 300              		@ link register save eliminated.
 251:./Libraries/STM32F10x_StdPeriph_Driver/src/stm32f10x_cec.c ****   /* Starts of new message */
 252:./Libraries/STM32F10x_StdPeriph_Driver/src/stm32f10x_cec.c ****   *(__IO uint32_t *) CSR_TSOM_BB = (uint32_t)0x1;
 301              		.loc 1 252 3 view .LVU55
 302              		.loc 1 252 34 is_stmt 0 view .LVU56
 303 0000 024B     		ldr	r3, .L27
 304 0002 0122     		movs	r2, #1
 305 0004 C3F80022 		str	r2, [r3, #512]
 253:./Libraries/STM32F10x_StdPeriph_Driver/src/stm32f10x_cec.c **** }
 306              		.loc 1 253 1 view .LVU57
 307 0008 7047     		bx	lr
 308              	.L28:
 309 000a 00BF     		.align	2
 310              	.L27:
 311 000c 00000F42 		.word	1108279296
 312              		.cfi_endproc
 313              	.LFE37:
 315              		.section	.text.CEC_EndOfMessageCmd,"ax",%progbits
 316              		.align	1
 317              		.global	CEC_EndOfMessageCmd
 318              		.syntax unified
 319              		.thumb
 320              		.thumb_func
 322              	CEC_EndOfMessageCmd:
 323              	.LVL12:
 324              	.LFB38:
 254:./Libraries/STM32F10x_StdPeriph_Driver/src/stm32f10x_cec.c **** 
 255:./Libraries/STM32F10x_StdPeriph_Driver/src/stm32f10x_cec.c **** /**
 256:./Libraries/STM32F10x_StdPeriph_Driver/src/stm32f10x_cec.c ****   * @brief  Transmits message with or without an EOM bit.
 257:./Libraries/STM32F10x_StdPeriph_Driver/src/stm32f10x_cec.c ****   * @param  NewState: new state of the CEC Tx End Of Message. 
 258:./Libraries/STM32F10x_StdPeriph_Driver/src/stm32f10x_cec.c ****   *     This parameter can be: ENABLE or DISABLE.
 259:./Libraries/STM32F10x_StdPeriph_Driver/src/stm32f10x_cec.c ****   * @retval None
 260:./Libraries/STM32F10x_StdPeriph_Driver/src/stm32f10x_cec.c ****   */
 261:./Libraries/STM32F10x_StdPeriph_Driver/src/stm32f10x_cec.c **** void CEC_EndOfMessageCmd(FunctionalState NewState)
 262:./Libraries/STM32F10x_StdPeriph_Driver/src/stm32f10x_cec.c **** {   
ARM GAS  /tmp/ccEBTAay.s 			page 11


 325              		.loc 1 262 1 is_stmt 1 view -0
 326              		.cfi_startproc
 327              		@ args = 0, pretend = 0, frame = 0
 328              		@ frame_needed = 0, uses_anonymous_args = 0
 329              		@ link register save eliminated.
 263:./Libraries/STM32F10x_StdPeriph_Driver/src/stm32f10x_cec.c ****   /* Check the parameters */
 264:./Libraries/STM32F10x_StdPeriph_Driver/src/stm32f10x_cec.c ****   assert_param(IS_FUNCTIONAL_STATE(NewState));
 330              		.loc 1 264 3 view .LVU59
 265:./Libraries/STM32F10x_StdPeriph_Driver/src/stm32f10x_cec.c ****   
 266:./Libraries/STM32F10x_StdPeriph_Driver/src/stm32f10x_cec.c ****   /* The data byte will be transmitted with or without an EOM bit*/
 267:./Libraries/STM32F10x_StdPeriph_Driver/src/stm32f10x_cec.c ****   *(__IO uint32_t *) CSR_TEOM_BB = (uint32_t)NewState;
 331              		.loc 1 267 3 view .LVU60
 332              		.loc 1 267 34 is_stmt 0 view .LVU61
 333 0000 014B     		ldr	r3, .L30
 334 0002 C3F80402 		str	r0, [r3, #516]
 268:./Libraries/STM32F10x_StdPeriph_Driver/src/stm32f10x_cec.c **** }
 335              		.loc 1 268 1 view .LVU62
 336 0006 7047     		bx	lr
 337              	.L31:
 338              		.align	2
 339              	.L30:
 340 0008 00000F42 		.word	1108279296
 341              		.cfi_endproc
 342              	.LFE38:
 344              		.section	.text.CEC_GetFlagStatus,"ax",%progbits
 345              		.align	1
 346              		.global	CEC_GetFlagStatus
 347              		.syntax unified
 348              		.thumb
 349              		.thumb_func
 351              	CEC_GetFlagStatus:
 352              	.LVL13:
 353              	.LFB39:
 269:./Libraries/STM32F10x_StdPeriph_Driver/src/stm32f10x_cec.c **** 
 270:./Libraries/STM32F10x_StdPeriph_Driver/src/stm32f10x_cec.c **** /**
 271:./Libraries/STM32F10x_StdPeriph_Driver/src/stm32f10x_cec.c ****   * @brief  Gets the CEC flag status
 272:./Libraries/STM32F10x_StdPeriph_Driver/src/stm32f10x_cec.c ****   * @param  CEC_FLAG: specifies the CEC flag to check. 
 273:./Libraries/STM32F10x_StdPeriph_Driver/src/stm32f10x_cec.c ****   *   This parameter can be one of the following values:
 274:./Libraries/STM32F10x_StdPeriph_Driver/src/stm32f10x_cec.c ****   *     @arg CEC_FLAG_BTE: Bit Timing Error
 275:./Libraries/STM32F10x_StdPeriph_Driver/src/stm32f10x_cec.c ****   *     @arg CEC_FLAG_BPE: Bit Period Error
 276:./Libraries/STM32F10x_StdPeriph_Driver/src/stm32f10x_cec.c ****   *     @arg CEC_FLAG_RBTFE: Rx Block Transfer Finished Error
 277:./Libraries/STM32F10x_StdPeriph_Driver/src/stm32f10x_cec.c ****   *     @arg CEC_FLAG_SBE: Start Bit Error
 278:./Libraries/STM32F10x_StdPeriph_Driver/src/stm32f10x_cec.c ****   *     @arg CEC_FLAG_ACKE: Block Acknowledge Error
 279:./Libraries/STM32F10x_StdPeriph_Driver/src/stm32f10x_cec.c ****   *     @arg CEC_FLAG_LINE: Line Error
 280:./Libraries/STM32F10x_StdPeriph_Driver/src/stm32f10x_cec.c ****   *     @arg CEC_FLAG_TBTFE: Tx Block Transfer Finished Error
 281:./Libraries/STM32F10x_StdPeriph_Driver/src/stm32f10x_cec.c ****   *     @arg CEC_FLAG_TEOM: Tx End Of Message 
 282:./Libraries/STM32F10x_StdPeriph_Driver/src/stm32f10x_cec.c ****   *     @arg CEC_FLAG_TERR: Tx Error
 283:./Libraries/STM32F10x_StdPeriph_Driver/src/stm32f10x_cec.c ****   *     @arg CEC_FLAG_TBTRF: Tx Byte Transfer Request or Block Transfer Finished
 284:./Libraries/STM32F10x_StdPeriph_Driver/src/stm32f10x_cec.c ****   *     @arg CEC_FLAG_RSOM: Rx Start Of Message
 285:./Libraries/STM32F10x_StdPeriph_Driver/src/stm32f10x_cec.c ****   *     @arg CEC_FLAG_REOM: Rx End Of Message
 286:./Libraries/STM32F10x_StdPeriph_Driver/src/stm32f10x_cec.c ****   *     @arg CEC_FLAG_RERR: Rx Error
 287:./Libraries/STM32F10x_StdPeriph_Driver/src/stm32f10x_cec.c ****   *     @arg CEC_FLAG_RBTF: Rx Byte/Block Transfer Finished
 288:./Libraries/STM32F10x_StdPeriph_Driver/src/stm32f10x_cec.c ****   * @retval The new state of CEC_FLAG (SET or RESET)
 289:./Libraries/STM32F10x_StdPeriph_Driver/src/stm32f10x_cec.c ****   */
 290:./Libraries/STM32F10x_StdPeriph_Driver/src/stm32f10x_cec.c **** FlagStatus CEC_GetFlagStatus(uint32_t CEC_FLAG) 
 291:./Libraries/STM32F10x_StdPeriph_Driver/src/stm32f10x_cec.c **** {
 354              		.loc 1 291 1 is_stmt 1 view -0
ARM GAS  /tmp/ccEBTAay.s 			page 12


 355              		.cfi_startproc
 356              		@ args = 0, pretend = 0, frame = 0
 357              		@ frame_needed = 0, uses_anonymous_args = 0
 358              		@ link register save eliminated.
 292:./Libraries/STM32F10x_StdPeriph_Driver/src/stm32f10x_cec.c ****   FlagStatus bitstatus = RESET;
 359              		.loc 1 292 3 view .LVU64
 293:./Libraries/STM32F10x_StdPeriph_Driver/src/stm32f10x_cec.c ****   uint32_t cecreg = 0, cecbase = 0;
 360              		.loc 1 293 3 view .LVU65
 294:./Libraries/STM32F10x_StdPeriph_Driver/src/stm32f10x_cec.c ****   
 295:./Libraries/STM32F10x_StdPeriph_Driver/src/stm32f10x_cec.c ****   /* Check the parameters */
 296:./Libraries/STM32F10x_StdPeriph_Driver/src/stm32f10x_cec.c ****   assert_param(IS_CEC_GET_FLAG(CEC_FLAG));
 361              		.loc 1 296 3 view .LVU66
 297:./Libraries/STM32F10x_StdPeriph_Driver/src/stm32f10x_cec.c ****  
 298:./Libraries/STM32F10x_StdPeriph_Driver/src/stm32f10x_cec.c ****   /* Get the CEC peripheral base address */
 299:./Libraries/STM32F10x_StdPeriph_Driver/src/stm32f10x_cec.c ****   cecbase = (uint32_t)(CEC_BASE);
 362              		.loc 1 299 3 view .LVU67
 300:./Libraries/STM32F10x_StdPeriph_Driver/src/stm32f10x_cec.c ****   
 301:./Libraries/STM32F10x_StdPeriph_Driver/src/stm32f10x_cec.c ****   /* Read flag register index */
 302:./Libraries/STM32F10x_StdPeriph_Driver/src/stm32f10x_cec.c ****   cecreg = CEC_FLAG >> 28;
 363              		.loc 1 302 3 view .LVU68
 303:./Libraries/STM32F10x_StdPeriph_Driver/src/stm32f10x_cec.c ****   
 304:./Libraries/STM32F10x_StdPeriph_Driver/src/stm32f10x_cec.c ****   /* Get bit[23:0] of the flag */
 305:./Libraries/STM32F10x_StdPeriph_Driver/src/stm32f10x_cec.c ****   CEC_FLAG &= FLAG_Mask;
 364              		.loc 1 305 3 view .LVU69
 365              		.loc 1 305 12 is_stmt 0 view .LVU70
 366 0000 20F07F43 		bic	r3, r0, #-16777216
 367              	.LVL14:
 306:./Libraries/STM32F10x_StdPeriph_Driver/src/stm32f10x_cec.c ****   
 307:./Libraries/STM32F10x_StdPeriph_Driver/src/stm32f10x_cec.c ****   if(cecreg != 0)
 368              		.loc 1 307 3 is_stmt 1 view .LVU71
 369              		.loc 1 307 5 is_stmt 0 view .LVU72
 370 0004 000F     		lsrs	r0, r0, #28
 371              	.LVL15:
 372              		.loc 1 307 5 view .LVU73
 373 0006 06D0     		beq	.L35
 308:./Libraries/STM32F10x_StdPeriph_Driver/src/stm32f10x_cec.c ****   {
 309:./Libraries/STM32F10x_StdPeriph_Driver/src/stm32f10x_cec.c ****     /* Flag in CEC ESR Register */
 310:./Libraries/STM32F10x_StdPeriph_Driver/src/stm32f10x_cec.c ****     CEC_FLAG = (uint32_t)(CEC_FLAG >> 16);
 374              		.loc 1 310 5 is_stmt 1 view .LVU74
 375              		.loc 1 310 14 is_stmt 0 view .LVU75
 376 0008 1B0C     		lsrs	r3, r3, #16
 377              	.LVL16:
 311:./Libraries/STM32F10x_StdPeriph_Driver/src/stm32f10x_cec.c ****     
 312:./Libraries/STM32F10x_StdPeriph_Driver/src/stm32f10x_cec.c ****     /* Get the CEC ESR register address */
 313:./Libraries/STM32F10x_StdPeriph_Driver/src/stm32f10x_cec.c ****     cecbase += 0xC;
 378              		.loc 1 313 5 is_stmt 1 view .LVU76
 379              		.loc 1 313 13 is_stmt 0 view .LVU77
 380 000a 054A     		ldr	r2, .L37
 381              	.LVL17:
 382              	.L33:
 314:./Libraries/STM32F10x_StdPeriph_Driver/src/stm32f10x_cec.c ****   }
 315:./Libraries/STM32F10x_StdPeriph_Driver/src/stm32f10x_cec.c ****   else
 316:./Libraries/STM32F10x_StdPeriph_Driver/src/stm32f10x_cec.c ****   {
 317:./Libraries/STM32F10x_StdPeriph_Driver/src/stm32f10x_cec.c ****     /* Get the CEC CSR register address */
 318:./Libraries/STM32F10x_StdPeriph_Driver/src/stm32f10x_cec.c ****     cecbase += 0x10;
 319:./Libraries/STM32F10x_StdPeriph_Driver/src/stm32f10x_cec.c ****   }
 320:./Libraries/STM32F10x_StdPeriph_Driver/src/stm32f10x_cec.c ****   
ARM GAS  /tmp/ccEBTAay.s 			page 13


 321:./Libraries/STM32F10x_StdPeriph_Driver/src/stm32f10x_cec.c ****   if(((*(__IO uint32_t *)cecbase) & CEC_FLAG) != (uint32_t)RESET)
 383              		.loc 1 321 3 is_stmt 1 view .LVU78
 384              		.loc 1 321 8 is_stmt 0 view .LVU79
 385 000c 1268     		ldr	r2, [r2]
 386              	.LVL18:
 387              		.loc 1 321 5 view .LVU80
 388 000e 1A42     		tst	r2, r3
 389 0010 03D0     		beq	.L36
 322:./Libraries/STM32F10x_StdPeriph_Driver/src/stm32f10x_cec.c ****   {
 323:./Libraries/STM32F10x_StdPeriph_Driver/src/stm32f10x_cec.c ****     /* CEC_FLAG is set */
 324:./Libraries/STM32F10x_StdPeriph_Driver/src/stm32f10x_cec.c ****     bitstatus = SET;
 390              		.loc 1 324 15 view .LVU81
 391 0012 0120     		movs	r0, #1
 392 0014 7047     		bx	lr
 393              	.LVL19:
 394              	.L35:
 318:./Libraries/STM32F10x_StdPeriph_Driver/src/stm32f10x_cec.c ****   }
 395              		.loc 1 318 13 view .LVU82
 396 0016 034A     		ldr	r2, .L37+4
 397 0018 F8E7     		b	.L33
 398              	.LVL20:
 399              	.L36:
 325:./Libraries/STM32F10x_StdPeriph_Driver/src/stm32f10x_cec.c ****   }
 326:./Libraries/STM32F10x_StdPeriph_Driver/src/stm32f10x_cec.c ****   else
 327:./Libraries/STM32F10x_StdPeriph_Driver/src/stm32f10x_cec.c ****   {
 328:./Libraries/STM32F10x_StdPeriph_Driver/src/stm32f10x_cec.c ****     /* CEC_FLAG is reset */
 329:./Libraries/STM32F10x_StdPeriph_Driver/src/stm32f10x_cec.c ****     bitstatus = RESET;
 400              		.loc 1 329 15 view .LVU83
 401 001a 0020     		movs	r0, #0
 402              	.LVL21:
 330:./Libraries/STM32F10x_StdPeriph_Driver/src/stm32f10x_cec.c ****   }
 331:./Libraries/STM32F10x_StdPeriph_Driver/src/stm32f10x_cec.c ****   
 332:./Libraries/STM32F10x_StdPeriph_Driver/src/stm32f10x_cec.c ****   /* Return the CEC_FLAG status */
 333:./Libraries/STM32F10x_StdPeriph_Driver/src/stm32f10x_cec.c ****   return  bitstatus;
 403              		.loc 1 333 3 is_stmt 1 view .LVU84
 334:./Libraries/STM32F10x_StdPeriph_Driver/src/stm32f10x_cec.c **** }
 404              		.loc 1 334 1 is_stmt 0 view .LVU85
 405 001c 7047     		bx	lr
 406              	.L38:
 407 001e 00BF     		.align	2
 408              	.L37:
 409 0020 0C780040 		.word	1073772556
 410 0024 10780040 		.word	1073772560
 411              		.cfi_endproc
 412              	.LFE39:
 414              		.section	.text.CEC_ClearFlag,"ax",%progbits
 415              		.align	1
 416              		.global	CEC_ClearFlag
 417              		.syntax unified
 418              		.thumb
 419              		.thumb_func
 421              	CEC_ClearFlag:
 422              	.LVL22:
 423              	.LFB40:
 335:./Libraries/STM32F10x_StdPeriph_Driver/src/stm32f10x_cec.c **** 
 336:./Libraries/STM32F10x_StdPeriph_Driver/src/stm32f10x_cec.c **** /**
 337:./Libraries/STM32F10x_StdPeriph_Driver/src/stm32f10x_cec.c ****   * @brief  Clears the CEC's pending flags.
ARM GAS  /tmp/ccEBTAay.s 			page 14


 338:./Libraries/STM32F10x_StdPeriph_Driver/src/stm32f10x_cec.c ****   * @param  CEC_FLAG: specifies the flag to clear. 
 339:./Libraries/STM32F10x_StdPeriph_Driver/src/stm32f10x_cec.c ****   *   This parameter can be any combination of the following values:
 340:./Libraries/STM32F10x_StdPeriph_Driver/src/stm32f10x_cec.c ****   *     @arg CEC_FLAG_TERR: Tx Error
 341:./Libraries/STM32F10x_StdPeriph_Driver/src/stm32f10x_cec.c ****   *     @arg CEC_FLAG_TBTRF: Tx Byte Transfer Request or Block Transfer Finished
 342:./Libraries/STM32F10x_StdPeriph_Driver/src/stm32f10x_cec.c ****   *     @arg CEC_FLAG_RSOM: Rx Start Of Message
 343:./Libraries/STM32F10x_StdPeriph_Driver/src/stm32f10x_cec.c ****   *     @arg CEC_FLAG_REOM: Rx End Of Message
 344:./Libraries/STM32F10x_StdPeriph_Driver/src/stm32f10x_cec.c ****   *     @arg CEC_FLAG_RERR: Rx Error
 345:./Libraries/STM32F10x_StdPeriph_Driver/src/stm32f10x_cec.c ****   *     @arg CEC_FLAG_RBTF: Rx Byte/Block Transfer Finished
 346:./Libraries/STM32F10x_StdPeriph_Driver/src/stm32f10x_cec.c ****   * @retval None
 347:./Libraries/STM32F10x_StdPeriph_Driver/src/stm32f10x_cec.c ****   */
 348:./Libraries/STM32F10x_StdPeriph_Driver/src/stm32f10x_cec.c **** void CEC_ClearFlag(uint32_t CEC_FLAG)
 349:./Libraries/STM32F10x_StdPeriph_Driver/src/stm32f10x_cec.c **** { 
 424              		.loc 1 349 1 is_stmt 1 view -0
 425              		.cfi_startproc
 426              		@ args = 0, pretend = 0, frame = 0
 427              		@ frame_needed = 0, uses_anonymous_args = 0
 428              		@ link register save eliminated.
 350:./Libraries/STM32F10x_StdPeriph_Driver/src/stm32f10x_cec.c ****   uint32_t tmp = 0x0;
 429              		.loc 1 350 3 view .LVU87
 351:./Libraries/STM32F10x_StdPeriph_Driver/src/stm32f10x_cec.c ****   
 352:./Libraries/STM32F10x_StdPeriph_Driver/src/stm32f10x_cec.c ****   /* Check the parameters */
 353:./Libraries/STM32F10x_StdPeriph_Driver/src/stm32f10x_cec.c ****   assert_param(IS_CEC_CLEAR_FLAG(CEC_FLAG));
 430              		.loc 1 353 3 view .LVU88
 354:./Libraries/STM32F10x_StdPeriph_Driver/src/stm32f10x_cec.c **** 
 355:./Libraries/STM32F10x_StdPeriph_Driver/src/stm32f10x_cec.c ****   tmp = CEC->CSR & 0x2;
 431              		.loc 1 355 3 view .LVU89
 432              		.loc 1 355 12 is_stmt 0 view .LVU90
 433 0000 054B     		ldr	r3, .L40
 434 0002 1969     		ldr	r1, [r3, #16]
 435              		.loc 1 355 7 view .LVU91
 436 0004 01F00201 		and	r1, r1, #2
 437              	.LVL23:
 356:./Libraries/STM32F10x_StdPeriph_Driver/src/stm32f10x_cec.c ****        
 357:./Libraries/STM32F10x_StdPeriph_Driver/src/stm32f10x_cec.c ****   /* Clear the selected CEC flags */
 358:./Libraries/STM32F10x_StdPeriph_Driver/src/stm32f10x_cec.c ****   CEC->CSR &= (uint32_t)(((~(uint32_t)CEC_FLAG) & 0xFFFFFFFC) | tmp);
 438              		.loc 1 358 3 is_stmt 1 view .LVU92
 439              		.loc 1 358 6 is_stmt 0 view .LVU93
 440 0008 1A69     		ldr	r2, [r3, #16]
 441              		.loc 1 358 28 view .LVU94
 442 000a C043     		mvns	r0, r0
 443              	.LVL24:
 444              		.loc 1 358 49 view .LVU95
 445 000c 20F00300 		bic	r0, r0, #3
 446              	.LVL25:
 447              		.loc 1 358 15 view .LVU96
 448 0010 0843     		orrs	r0, r0, r1
 449              		.loc 1 358 12 view .LVU97
 450 0012 0240     		ands	r2, r2, r0
 451 0014 1A61     		str	r2, [r3, #16]
 359:./Libraries/STM32F10x_StdPeriph_Driver/src/stm32f10x_cec.c **** }
 452              		.loc 1 359 1 view .LVU98
 453 0016 7047     		bx	lr
 454              	.L41:
 455              		.align	2
 456              	.L40:
 457 0018 00780040 		.word	1073772544
 458              		.cfi_endproc
ARM GAS  /tmp/ccEBTAay.s 			page 15


 459              	.LFE40:
 461              		.section	.text.CEC_GetITStatus,"ax",%progbits
 462              		.align	1
 463              		.global	CEC_GetITStatus
 464              		.syntax unified
 465              		.thumb
 466              		.thumb_func
 468              	CEC_GetITStatus:
 469              	.LVL26:
 470              	.LFB41:
 360:./Libraries/STM32F10x_StdPeriph_Driver/src/stm32f10x_cec.c **** 
 361:./Libraries/STM32F10x_StdPeriph_Driver/src/stm32f10x_cec.c **** /**
 362:./Libraries/STM32F10x_StdPeriph_Driver/src/stm32f10x_cec.c ****   * @brief  Checks whether the specified CEC interrupt has occurred or not.
 363:./Libraries/STM32F10x_StdPeriph_Driver/src/stm32f10x_cec.c ****   * @param  CEC_IT: specifies the CEC interrupt source to check. 
 364:./Libraries/STM32F10x_StdPeriph_Driver/src/stm32f10x_cec.c ****   *   This parameter can be one of the following values:
 365:./Libraries/STM32F10x_StdPeriph_Driver/src/stm32f10x_cec.c ****   *     @arg CEC_IT_TERR: Tx Error
 366:./Libraries/STM32F10x_StdPeriph_Driver/src/stm32f10x_cec.c ****   *     @arg CEC_IT_TBTF: Tx Block Transfer Finished
 367:./Libraries/STM32F10x_StdPeriph_Driver/src/stm32f10x_cec.c ****   *     @arg CEC_IT_RERR: Rx Error
 368:./Libraries/STM32F10x_StdPeriph_Driver/src/stm32f10x_cec.c ****   *     @arg CEC_IT_RBTF: Rx Block Transfer Finished
 369:./Libraries/STM32F10x_StdPeriph_Driver/src/stm32f10x_cec.c ****   * @retval The new state of CEC_IT (SET or RESET).
 370:./Libraries/STM32F10x_StdPeriph_Driver/src/stm32f10x_cec.c ****   */
 371:./Libraries/STM32F10x_StdPeriph_Driver/src/stm32f10x_cec.c **** ITStatus CEC_GetITStatus(uint8_t CEC_IT)
 372:./Libraries/STM32F10x_StdPeriph_Driver/src/stm32f10x_cec.c **** {
 471              		.loc 1 372 1 is_stmt 1 view -0
 472              		.cfi_startproc
 473              		@ args = 0, pretend = 0, frame = 0
 474              		@ frame_needed = 0, uses_anonymous_args = 0
 475              		@ link register save eliminated.
 373:./Libraries/STM32F10x_StdPeriph_Driver/src/stm32f10x_cec.c ****   ITStatus bitstatus = RESET;
 476              		.loc 1 373 3 view .LVU100
 374:./Libraries/STM32F10x_StdPeriph_Driver/src/stm32f10x_cec.c ****   uint32_t enablestatus = 0;
 477              		.loc 1 374 3 view .LVU101
 375:./Libraries/STM32F10x_StdPeriph_Driver/src/stm32f10x_cec.c ****   
 376:./Libraries/STM32F10x_StdPeriph_Driver/src/stm32f10x_cec.c ****   /* Check the parameters */
 377:./Libraries/STM32F10x_StdPeriph_Driver/src/stm32f10x_cec.c ****    assert_param(IS_CEC_GET_IT(CEC_IT));
 478              		.loc 1 377 4 view .LVU102
 378:./Libraries/STM32F10x_StdPeriph_Driver/src/stm32f10x_cec.c ****    
 379:./Libraries/STM32F10x_StdPeriph_Driver/src/stm32f10x_cec.c ****   /* Get the CEC IT enable bit status */
 380:./Libraries/STM32F10x_StdPeriph_Driver/src/stm32f10x_cec.c ****   enablestatus = (CEC->CFGR & (uint8_t)CEC_CFGR_IE) ;
 479              		.loc 1 380 3 view .LVU103
 480              		.loc 1 380 22 is_stmt 0 view .LVU104
 481 0000 064A     		ldr	r2, .L46
 482 0002 1368     		ldr	r3, [r2]
 483              		.loc 1 380 16 view .LVU105
 484 0004 03F00203 		and	r3, r3, #2
 485              	.LVL27:
 381:./Libraries/STM32F10x_StdPeriph_Driver/src/stm32f10x_cec.c ****   
 382:./Libraries/STM32F10x_StdPeriph_Driver/src/stm32f10x_cec.c ****   /* Check the status of the specified CEC interrupt */
 383:./Libraries/STM32F10x_StdPeriph_Driver/src/stm32f10x_cec.c ****   if (((CEC->CSR & CEC_IT) != (uint32_t)RESET) && enablestatus)
 486              		.loc 1 383 3 is_stmt 1 view .LVU106
 487              		.loc 1 383 12 is_stmt 0 view .LVU107
 488 0008 1269     		ldr	r2, [r2, #16]
 489              		.loc 1 383 6 view .LVU108
 490 000a 1042     		tst	r0, r2
 491 000c 02D0     		beq	.L44
 492              		.loc 1 383 48 discriminator 1 view .LVU109
 493 000e 1BB9     		cbnz	r3, .L45
ARM GAS  /tmp/ccEBTAay.s 			page 16


 384:./Libraries/STM32F10x_StdPeriph_Driver/src/stm32f10x_cec.c ****   {
 385:./Libraries/STM32F10x_StdPeriph_Driver/src/stm32f10x_cec.c ****     /* CEC_IT is set */
 386:./Libraries/STM32F10x_StdPeriph_Driver/src/stm32f10x_cec.c ****     bitstatus = SET;
 387:./Libraries/STM32F10x_StdPeriph_Driver/src/stm32f10x_cec.c ****   }
 388:./Libraries/STM32F10x_StdPeriph_Driver/src/stm32f10x_cec.c ****   else
 389:./Libraries/STM32F10x_StdPeriph_Driver/src/stm32f10x_cec.c ****   {
 390:./Libraries/STM32F10x_StdPeriph_Driver/src/stm32f10x_cec.c ****     /* CEC_IT is reset */
 391:./Libraries/STM32F10x_StdPeriph_Driver/src/stm32f10x_cec.c ****     bitstatus = RESET;
 494              		.loc 1 391 15 view .LVU110
 495 0010 0020     		movs	r0, #0
 496              	.LVL28:
 497              		.loc 1 391 15 view .LVU111
 498 0012 7047     		bx	lr
 499              	.LVL29:
 500              	.L44:
 501              		.loc 1 391 15 view .LVU112
 502 0014 0020     		movs	r0, #0
 503              	.LVL30:
 504              		.loc 1 391 15 view .LVU113
 505 0016 7047     		bx	lr
 506              	.LVL31:
 507              	.L45:
 386:./Libraries/STM32F10x_StdPeriph_Driver/src/stm32f10x_cec.c ****   }
 508              		.loc 1 386 15 view .LVU114
 509 0018 0120     		movs	r0, #1
 510              	.LVL32:
 392:./Libraries/STM32F10x_StdPeriph_Driver/src/stm32f10x_cec.c ****   }
 393:./Libraries/STM32F10x_StdPeriph_Driver/src/stm32f10x_cec.c ****   /* Return the CEC_IT status */
 394:./Libraries/STM32F10x_StdPeriph_Driver/src/stm32f10x_cec.c ****   return  bitstatus;
 511              		.loc 1 394 3 is_stmt 1 view .LVU115
 395:./Libraries/STM32F10x_StdPeriph_Driver/src/stm32f10x_cec.c **** }
 512              		.loc 1 395 1 is_stmt 0 view .LVU116
 513 001a 7047     		bx	lr
 514              	.L47:
 515              		.align	2
 516              	.L46:
 517 001c 00780040 		.word	1073772544
 518              		.cfi_endproc
 519              	.LFE41:
 521              		.section	.text.CEC_ClearITPendingBit,"ax",%progbits
 522              		.align	1
 523              		.global	CEC_ClearITPendingBit
 524              		.syntax unified
 525              		.thumb
 526              		.thumb_func
 528              	CEC_ClearITPendingBit:
 529              	.LVL33:
 530              	.LFB42:
 396:./Libraries/STM32F10x_StdPeriph_Driver/src/stm32f10x_cec.c **** 
 397:./Libraries/STM32F10x_StdPeriph_Driver/src/stm32f10x_cec.c **** /**
 398:./Libraries/STM32F10x_StdPeriph_Driver/src/stm32f10x_cec.c ****   * @brief  Clears the CEC's interrupt pending bits.
 399:./Libraries/STM32F10x_StdPeriph_Driver/src/stm32f10x_cec.c ****   * @param  CEC_IT: specifies the CEC interrupt pending bit to clear.
 400:./Libraries/STM32F10x_StdPeriph_Driver/src/stm32f10x_cec.c ****   *   This parameter can be any combination of the following values:
 401:./Libraries/STM32F10x_StdPeriph_Driver/src/stm32f10x_cec.c ****   *     @arg CEC_IT_TERR: Tx Error
 402:./Libraries/STM32F10x_StdPeriph_Driver/src/stm32f10x_cec.c ****   *     @arg CEC_IT_TBTF: Tx Block Transfer Finished
 403:./Libraries/STM32F10x_StdPeriph_Driver/src/stm32f10x_cec.c ****   *     @arg CEC_IT_RERR: Rx Error
 404:./Libraries/STM32F10x_StdPeriph_Driver/src/stm32f10x_cec.c ****   *     @arg CEC_IT_RBTF: Rx Block Transfer Finished
ARM GAS  /tmp/ccEBTAay.s 			page 17


 405:./Libraries/STM32F10x_StdPeriph_Driver/src/stm32f10x_cec.c ****   * @retval None
 406:./Libraries/STM32F10x_StdPeriph_Driver/src/stm32f10x_cec.c ****   */
 407:./Libraries/STM32F10x_StdPeriph_Driver/src/stm32f10x_cec.c **** void CEC_ClearITPendingBit(uint16_t CEC_IT)
 408:./Libraries/STM32F10x_StdPeriph_Driver/src/stm32f10x_cec.c **** {
 531              		.loc 1 408 1 is_stmt 1 view -0
 532              		.cfi_startproc
 533              		@ args = 0, pretend = 0, frame = 0
 534              		@ frame_needed = 0, uses_anonymous_args = 0
 535              		@ link register save eliminated.
 409:./Libraries/STM32F10x_StdPeriph_Driver/src/stm32f10x_cec.c ****   uint32_t tmp = 0x0;
 536              		.loc 1 409 3 view .LVU118
 410:./Libraries/STM32F10x_StdPeriph_Driver/src/stm32f10x_cec.c ****   
 411:./Libraries/STM32F10x_StdPeriph_Driver/src/stm32f10x_cec.c ****   /* Check the parameters */
 412:./Libraries/STM32F10x_StdPeriph_Driver/src/stm32f10x_cec.c ****   assert_param(IS_CEC_GET_IT(CEC_IT));
 537              		.loc 1 412 3 view .LVU119
 413:./Libraries/STM32F10x_StdPeriph_Driver/src/stm32f10x_cec.c ****   
 414:./Libraries/STM32F10x_StdPeriph_Driver/src/stm32f10x_cec.c ****   tmp = CEC->CSR & 0x2;
 538              		.loc 1 414 3 view .LVU120
 539              		.loc 1 414 12 is_stmt 0 view .LVU121
 540 0000 054B     		ldr	r3, .L49
 541 0002 1969     		ldr	r1, [r3, #16]
 542              		.loc 1 414 7 view .LVU122
 543 0004 01F00201 		and	r1, r1, #2
 544              	.LVL34:
 415:./Libraries/STM32F10x_StdPeriph_Driver/src/stm32f10x_cec.c ****   
 416:./Libraries/STM32F10x_StdPeriph_Driver/src/stm32f10x_cec.c ****   /* Clear the selected CEC interrupt pending bits */
 417:./Libraries/STM32F10x_StdPeriph_Driver/src/stm32f10x_cec.c ****   CEC->CSR &= (uint32_t)(((~(uint32_t)CEC_IT) & 0xFFFFFFFC) | tmp);
 545              		.loc 1 417 3 is_stmt 1 view .LVU123
 546              		.loc 1 417 6 is_stmt 0 view .LVU124
 547 0008 1A69     		ldr	r2, [r3, #16]
 548              		.loc 1 417 28 view .LVU125
 549 000a C043     		mvns	r0, r0
 550              	.LVL35:
 551              		.loc 1 417 47 view .LVU126
 552 000c 20F00300 		bic	r0, r0, #3
 553              	.LVL36:
 554              		.loc 1 417 15 view .LVU127
 555 0010 0843     		orrs	r0, r0, r1
 556              		.loc 1 417 12 view .LVU128
 557 0012 0240     		ands	r2, r2, r0
 558 0014 1A61     		str	r2, [r3, #16]
 418:./Libraries/STM32F10x_StdPeriph_Driver/src/stm32f10x_cec.c **** }
 559              		.loc 1 418 1 view .LVU129
 560 0016 7047     		bx	lr
 561              	.L50:
 562              		.align	2
 563              	.L49:
 564 0018 00780040 		.word	1073772544
 565              		.cfi_endproc
 566              	.LFE42:
 568              		.text
 569              	.Letext0:
 570              		.file 2 "/usr/arm-none-eabi/include/machine/_default_types.h"
 571              		.file 3 "/usr/arm-none-eabi/include/sys/_stdint.h"
 572              		.file 4 "./Libraries/CMSIS/CM3/DeviceSupport/ST/STM32F10x/stm32f10x.h"
 573              		.file 5 "./Libraries/STM32F10x_StdPeriph_Driver/inc/stm32f10x_cec.h"
 574              		.file 6 "./Libraries/STM32F10x_StdPeriph_Driver/inc/stm32f10x_rcc.h"
ARM GAS  /tmp/ccEBTAay.s 			page 18


ARM GAS  /tmp/ccEBTAay.s 			page 19


DEFINED SYMBOLS
                            *ABS*:00000000 stm32f10x_cec.c
     /tmp/ccEBTAay.s:19     .text.CEC_DeInit:00000000 $t
     /tmp/ccEBTAay.s:25     .text.CEC_DeInit:00000000 CEC_DeInit
     /tmp/ccEBTAay.s:52     .text.CEC_Init:00000000 $t
     /tmp/ccEBTAay.s:58     .text.CEC_Init:00000000 CEC_Init
     /tmp/ccEBTAay.s:97     .text.CEC_Init:00000014 $d
     /tmp/ccEBTAay.s:102    .text.CEC_Cmd:00000000 $t
     /tmp/ccEBTAay.s:108    .text.CEC_Cmd:00000000 CEC_Cmd
     /tmp/ccEBTAay.s:139    .text.CEC_Cmd:00000014 $d
     /tmp/ccEBTAay.s:145    .text.CEC_ITConfig:00000000 $t
     /tmp/ccEBTAay.s:151    .text.CEC_ITConfig:00000000 CEC_ITConfig
     /tmp/ccEBTAay.s:169    .text.CEC_ITConfig:00000008 $d
     /tmp/ccEBTAay.s:174    .text.CEC_OwnAddressConfig:00000000 $t
     /tmp/ccEBTAay.s:180    .text.CEC_OwnAddressConfig:00000000 CEC_OwnAddressConfig
     /tmp/ccEBTAay.s:198    .text.CEC_OwnAddressConfig:00000008 $d
     /tmp/ccEBTAay.s:203    .text.CEC_SetPrescaler:00000000 $t
     /tmp/ccEBTAay.s:209    .text.CEC_SetPrescaler:00000000 CEC_SetPrescaler
     /tmp/ccEBTAay.s:227    .text.CEC_SetPrescaler:00000008 $d
     /tmp/ccEBTAay.s:232    .text.CEC_SendDataByte:00000000 $t
     /tmp/ccEBTAay.s:238    .text.CEC_SendDataByte:00000000 CEC_SendDataByte
     /tmp/ccEBTAay.s:255    .text.CEC_SendDataByte:00000008 $d
     /tmp/ccEBTAay.s:260    .text.CEC_ReceiveDataByte:00000000 $t
     /tmp/ccEBTAay.s:266    .text.CEC_ReceiveDataByte:00000000 CEC_ReceiveDataByte
     /tmp/ccEBTAay.s:283    .text.CEC_ReceiveDataByte:00000008 $d
     /tmp/ccEBTAay.s:288    .text.CEC_StartOfMessage:00000000 $t
     /tmp/ccEBTAay.s:294    .text.CEC_StartOfMessage:00000000 CEC_StartOfMessage
     /tmp/ccEBTAay.s:311    .text.CEC_StartOfMessage:0000000c $d
     /tmp/ccEBTAay.s:316    .text.CEC_EndOfMessageCmd:00000000 $t
     /tmp/ccEBTAay.s:322    .text.CEC_EndOfMessageCmd:00000000 CEC_EndOfMessageCmd
     /tmp/ccEBTAay.s:340    .text.CEC_EndOfMessageCmd:00000008 $d
     /tmp/ccEBTAay.s:345    .text.CEC_GetFlagStatus:00000000 $t
     /tmp/ccEBTAay.s:351    .text.CEC_GetFlagStatus:00000000 CEC_GetFlagStatus
     /tmp/ccEBTAay.s:409    .text.CEC_GetFlagStatus:00000020 $d
     /tmp/ccEBTAay.s:415    .text.CEC_ClearFlag:00000000 $t
     /tmp/ccEBTAay.s:421    .text.CEC_ClearFlag:00000000 CEC_ClearFlag
     /tmp/ccEBTAay.s:457    .text.CEC_ClearFlag:00000018 $d
     /tmp/ccEBTAay.s:462    .text.CEC_GetITStatus:00000000 $t
     /tmp/ccEBTAay.s:468    .text.CEC_GetITStatus:00000000 CEC_GetITStatus
     /tmp/ccEBTAay.s:517    .text.CEC_GetITStatus:0000001c $d
     /tmp/ccEBTAay.s:522    .text.CEC_ClearITPendingBit:00000000 $t
     /tmp/ccEBTAay.s:528    .text.CEC_ClearITPendingBit:00000000 CEC_ClearITPendingBit
     /tmp/ccEBTAay.s:564    .text.CEC_ClearITPendingBit:00000018 $d

UNDEFINED SYMBOLS
RCC_APB1PeriphResetCmd
