ARM GAS  /tmp/ccIgBHSn.s 			page 1


   1              		.cpu cortex-m3
   2              		.arch armv7-m
   3              		.fpu softvfp
   4              		.eabi_attribute 20, 1
   5              		.eabi_attribute 21, 1
   6              		.eabi_attribute 23, 3
   7              		.eabi_attribute 24, 1
   8              		.eabi_attribute 25, 1
   9              		.eabi_attribute 26, 1
  10              		.eabi_attribute 30, 1
  11              		.eabi_attribute 34, 1
  12              		.eabi_attribute 18, 4
  13              		.file	"stm32f10x_iwdg.c"
  14              		.text
  15              	.Ltext0:
  16              		.cfi_sections	.debug_frame
  17              		.file 1 "./Libraries/STM32F10x_StdPeriph_Driver/src/stm32f10x_iwdg.c"
  18              		.section	.text.IWDG_WriteAccessCmd,"ax",%progbits
  19              		.align	1
  20              		.global	IWDG_WriteAccessCmd
  21              		.syntax unified
  22              		.thumb
  23              		.thumb_func
  25              	IWDG_WriteAccessCmd:
  26              	.LVL0:
  27              	.LFB29:
   1:./Libraries/STM32F10x_StdPeriph_Driver/src/stm32f10x_iwdg.c **** /**
   2:./Libraries/STM32F10x_StdPeriph_Driver/src/stm32f10x_iwdg.c ****   ******************************************************************************
   3:./Libraries/STM32F10x_StdPeriph_Driver/src/stm32f10x_iwdg.c ****   * @file    stm32f10x_iwdg.c
   4:./Libraries/STM32F10x_StdPeriph_Driver/src/stm32f10x_iwdg.c ****   * @author  MCD Application Team
   5:./Libraries/STM32F10x_StdPeriph_Driver/src/stm32f10x_iwdg.c ****   * @version V3.6.2
   6:./Libraries/STM32F10x_StdPeriph_Driver/src/stm32f10x_iwdg.c ****   * @date    17-September-2021
   7:./Libraries/STM32F10x_StdPeriph_Driver/src/stm32f10x_iwdg.c ****   * @brief   This file provides all the IWDG firmware functions.
   8:./Libraries/STM32F10x_StdPeriph_Driver/src/stm32f10x_iwdg.c ****   ******************************************************************************
   9:./Libraries/STM32F10x_StdPeriph_Driver/src/stm32f10x_iwdg.c ****   * @attention
  10:./Libraries/STM32F10x_StdPeriph_Driver/src/stm32f10x_iwdg.c ****   *
  11:./Libraries/STM32F10x_StdPeriph_Driver/src/stm32f10x_iwdg.c ****   * Copyright (c) 2012 STMicroelectronics.
  12:./Libraries/STM32F10x_StdPeriph_Driver/src/stm32f10x_iwdg.c ****   * All rights reserved.
  13:./Libraries/STM32F10x_StdPeriph_Driver/src/stm32f10x_iwdg.c ****   *
  14:./Libraries/STM32F10x_StdPeriph_Driver/src/stm32f10x_iwdg.c ****   * This software is licensed under terms that can be found in the LICENSE file
  15:./Libraries/STM32F10x_StdPeriph_Driver/src/stm32f10x_iwdg.c ****   * in the root directory of this software component.
  16:./Libraries/STM32F10x_StdPeriph_Driver/src/stm32f10x_iwdg.c ****   * If no LICENSE file comes with this software, it is provided AS-IS.
  17:./Libraries/STM32F10x_StdPeriph_Driver/src/stm32f10x_iwdg.c ****   *
  18:./Libraries/STM32F10x_StdPeriph_Driver/src/stm32f10x_iwdg.c ****   ******************************************************************************
  19:./Libraries/STM32F10x_StdPeriph_Driver/src/stm32f10x_iwdg.c ****   */
  20:./Libraries/STM32F10x_StdPeriph_Driver/src/stm32f10x_iwdg.c **** 
  21:./Libraries/STM32F10x_StdPeriph_Driver/src/stm32f10x_iwdg.c **** /* Includes ------------------------------------------------------------------*/
  22:./Libraries/STM32F10x_StdPeriph_Driver/src/stm32f10x_iwdg.c **** #include "stm32f10x_iwdg.h"
  23:./Libraries/STM32F10x_StdPeriph_Driver/src/stm32f10x_iwdg.c **** 
  24:./Libraries/STM32F10x_StdPeriph_Driver/src/stm32f10x_iwdg.c **** /** @addtogroup STM32F10x_StdPeriph_Driver
  25:./Libraries/STM32F10x_StdPeriph_Driver/src/stm32f10x_iwdg.c ****   * @{
  26:./Libraries/STM32F10x_StdPeriph_Driver/src/stm32f10x_iwdg.c ****   */
  27:./Libraries/STM32F10x_StdPeriph_Driver/src/stm32f10x_iwdg.c **** 
  28:./Libraries/STM32F10x_StdPeriph_Driver/src/stm32f10x_iwdg.c **** /** @defgroup IWDG 
  29:./Libraries/STM32F10x_StdPeriph_Driver/src/stm32f10x_iwdg.c ****   * @brief IWDG driver modules
  30:./Libraries/STM32F10x_StdPeriph_Driver/src/stm32f10x_iwdg.c ****   * @{
  31:./Libraries/STM32F10x_StdPeriph_Driver/src/stm32f10x_iwdg.c ****   */ 
ARM GAS  /tmp/ccIgBHSn.s 			page 2


  32:./Libraries/STM32F10x_StdPeriph_Driver/src/stm32f10x_iwdg.c **** 
  33:./Libraries/STM32F10x_StdPeriph_Driver/src/stm32f10x_iwdg.c **** /** @defgroup IWDG_Private_TypesDefinitions
  34:./Libraries/STM32F10x_StdPeriph_Driver/src/stm32f10x_iwdg.c ****   * @{
  35:./Libraries/STM32F10x_StdPeriph_Driver/src/stm32f10x_iwdg.c ****   */
  36:./Libraries/STM32F10x_StdPeriph_Driver/src/stm32f10x_iwdg.c **** 
  37:./Libraries/STM32F10x_StdPeriph_Driver/src/stm32f10x_iwdg.c **** /**
  38:./Libraries/STM32F10x_StdPeriph_Driver/src/stm32f10x_iwdg.c ****   * @}
  39:./Libraries/STM32F10x_StdPeriph_Driver/src/stm32f10x_iwdg.c ****   */
  40:./Libraries/STM32F10x_StdPeriph_Driver/src/stm32f10x_iwdg.c **** 
  41:./Libraries/STM32F10x_StdPeriph_Driver/src/stm32f10x_iwdg.c **** /** @defgroup IWDG_Private_Defines
  42:./Libraries/STM32F10x_StdPeriph_Driver/src/stm32f10x_iwdg.c ****   * @{
  43:./Libraries/STM32F10x_StdPeriph_Driver/src/stm32f10x_iwdg.c ****   */ 
  44:./Libraries/STM32F10x_StdPeriph_Driver/src/stm32f10x_iwdg.c **** 
  45:./Libraries/STM32F10x_StdPeriph_Driver/src/stm32f10x_iwdg.c **** /* ---------------------- IWDG registers bit mask ----------------------------*/
  46:./Libraries/STM32F10x_StdPeriph_Driver/src/stm32f10x_iwdg.c **** 
  47:./Libraries/STM32F10x_StdPeriph_Driver/src/stm32f10x_iwdg.c **** /* KR register bit mask */
  48:./Libraries/STM32F10x_StdPeriph_Driver/src/stm32f10x_iwdg.c **** #define KR_KEY_Reload    ((uint16_t)0xAAAA)
  49:./Libraries/STM32F10x_StdPeriph_Driver/src/stm32f10x_iwdg.c **** #define KR_KEY_Enable    ((uint16_t)0xCCCC)
  50:./Libraries/STM32F10x_StdPeriph_Driver/src/stm32f10x_iwdg.c **** 
  51:./Libraries/STM32F10x_StdPeriph_Driver/src/stm32f10x_iwdg.c **** /**
  52:./Libraries/STM32F10x_StdPeriph_Driver/src/stm32f10x_iwdg.c ****   * @}
  53:./Libraries/STM32F10x_StdPeriph_Driver/src/stm32f10x_iwdg.c ****   */ 
  54:./Libraries/STM32F10x_StdPeriph_Driver/src/stm32f10x_iwdg.c **** 
  55:./Libraries/STM32F10x_StdPeriph_Driver/src/stm32f10x_iwdg.c **** /** @defgroup IWDG_Private_Macros
  56:./Libraries/STM32F10x_StdPeriph_Driver/src/stm32f10x_iwdg.c ****   * @{
  57:./Libraries/STM32F10x_StdPeriph_Driver/src/stm32f10x_iwdg.c ****   */
  58:./Libraries/STM32F10x_StdPeriph_Driver/src/stm32f10x_iwdg.c **** 
  59:./Libraries/STM32F10x_StdPeriph_Driver/src/stm32f10x_iwdg.c **** /**
  60:./Libraries/STM32F10x_StdPeriph_Driver/src/stm32f10x_iwdg.c ****   * @}
  61:./Libraries/STM32F10x_StdPeriph_Driver/src/stm32f10x_iwdg.c ****   */
  62:./Libraries/STM32F10x_StdPeriph_Driver/src/stm32f10x_iwdg.c **** 
  63:./Libraries/STM32F10x_StdPeriph_Driver/src/stm32f10x_iwdg.c **** /** @defgroup IWDG_Private_Variables
  64:./Libraries/STM32F10x_StdPeriph_Driver/src/stm32f10x_iwdg.c ****   * @{
  65:./Libraries/STM32F10x_StdPeriph_Driver/src/stm32f10x_iwdg.c ****   */
  66:./Libraries/STM32F10x_StdPeriph_Driver/src/stm32f10x_iwdg.c **** 
  67:./Libraries/STM32F10x_StdPeriph_Driver/src/stm32f10x_iwdg.c **** /**
  68:./Libraries/STM32F10x_StdPeriph_Driver/src/stm32f10x_iwdg.c ****   * @}
  69:./Libraries/STM32F10x_StdPeriph_Driver/src/stm32f10x_iwdg.c ****   */
  70:./Libraries/STM32F10x_StdPeriph_Driver/src/stm32f10x_iwdg.c **** 
  71:./Libraries/STM32F10x_StdPeriph_Driver/src/stm32f10x_iwdg.c **** /** @defgroup IWDG_Private_FunctionPrototypes
  72:./Libraries/STM32F10x_StdPeriph_Driver/src/stm32f10x_iwdg.c ****   * @{
  73:./Libraries/STM32F10x_StdPeriph_Driver/src/stm32f10x_iwdg.c ****   */
  74:./Libraries/STM32F10x_StdPeriph_Driver/src/stm32f10x_iwdg.c **** 
  75:./Libraries/STM32F10x_StdPeriph_Driver/src/stm32f10x_iwdg.c **** /**
  76:./Libraries/STM32F10x_StdPeriph_Driver/src/stm32f10x_iwdg.c ****   * @}
  77:./Libraries/STM32F10x_StdPeriph_Driver/src/stm32f10x_iwdg.c ****   */
  78:./Libraries/STM32F10x_StdPeriph_Driver/src/stm32f10x_iwdg.c **** 
  79:./Libraries/STM32F10x_StdPeriph_Driver/src/stm32f10x_iwdg.c **** /** @defgroup IWDG_Private_Functions
  80:./Libraries/STM32F10x_StdPeriph_Driver/src/stm32f10x_iwdg.c ****   * @{
  81:./Libraries/STM32F10x_StdPeriph_Driver/src/stm32f10x_iwdg.c ****   */
  82:./Libraries/STM32F10x_StdPeriph_Driver/src/stm32f10x_iwdg.c **** 
  83:./Libraries/STM32F10x_StdPeriph_Driver/src/stm32f10x_iwdg.c **** /**
  84:./Libraries/STM32F10x_StdPeriph_Driver/src/stm32f10x_iwdg.c ****   * @brief  Enables or disables write access to IWDG_PR and IWDG_RLR registers.
  85:./Libraries/STM32F10x_StdPeriph_Driver/src/stm32f10x_iwdg.c ****   * @param  IWDG_WriteAccess: new state of write access to IWDG_PR and IWDG_RLR registers.
  86:./Libraries/STM32F10x_StdPeriph_Driver/src/stm32f10x_iwdg.c ****   *   This parameter can be one of the following values:
  87:./Libraries/STM32F10x_StdPeriph_Driver/src/stm32f10x_iwdg.c ****   *     @arg IWDG_WriteAccess_Enable: Enable write access to IWDG_PR and IWDG_RLR registers
  88:./Libraries/STM32F10x_StdPeriph_Driver/src/stm32f10x_iwdg.c ****   *     @arg IWDG_WriteAccess_Disable: Disable write access to IWDG_PR and IWDG_RLR registers
ARM GAS  /tmp/ccIgBHSn.s 			page 3


  89:./Libraries/STM32F10x_StdPeriph_Driver/src/stm32f10x_iwdg.c ****   * @retval None
  90:./Libraries/STM32F10x_StdPeriph_Driver/src/stm32f10x_iwdg.c ****   */
  91:./Libraries/STM32F10x_StdPeriph_Driver/src/stm32f10x_iwdg.c **** void IWDG_WriteAccessCmd(uint16_t IWDG_WriteAccess)
  92:./Libraries/STM32F10x_StdPeriph_Driver/src/stm32f10x_iwdg.c **** {
  28              		.loc 1 92 1 view -0
  29              		.cfi_startproc
  30              		@ args = 0, pretend = 0, frame = 0
  31              		@ frame_needed = 0, uses_anonymous_args = 0
  32              		@ link register save eliminated.
  93:./Libraries/STM32F10x_StdPeriph_Driver/src/stm32f10x_iwdg.c ****   /* Check the parameters */
  94:./Libraries/STM32F10x_StdPeriph_Driver/src/stm32f10x_iwdg.c ****   assert_param(IS_IWDG_WRITE_ACCESS(IWDG_WriteAccess));
  33              		.loc 1 94 3 view .LVU1
  95:./Libraries/STM32F10x_StdPeriph_Driver/src/stm32f10x_iwdg.c ****   IWDG->KR = IWDG_WriteAccess;
  34              		.loc 1 95 3 view .LVU2
  35              		.loc 1 95 12 is_stmt 0 view .LVU3
  36 0000 014B     		ldr	r3, .L2
  37 0002 1860     		str	r0, [r3]
  96:./Libraries/STM32F10x_StdPeriph_Driver/src/stm32f10x_iwdg.c **** }
  38              		.loc 1 96 1 view .LVU4
  39 0004 7047     		bx	lr
  40              	.L3:
  41 0006 00BF     		.align	2
  42              	.L2:
  43 0008 00300040 		.word	1073754112
  44              		.cfi_endproc
  45              	.LFE29:
  47              		.section	.text.IWDG_SetPrescaler,"ax",%progbits
  48              		.align	1
  49              		.global	IWDG_SetPrescaler
  50              		.syntax unified
  51              		.thumb
  52              		.thumb_func
  54              	IWDG_SetPrescaler:
  55              	.LVL1:
  56              	.LFB30:
  97:./Libraries/STM32F10x_StdPeriph_Driver/src/stm32f10x_iwdg.c **** 
  98:./Libraries/STM32F10x_StdPeriph_Driver/src/stm32f10x_iwdg.c **** /**
  99:./Libraries/STM32F10x_StdPeriph_Driver/src/stm32f10x_iwdg.c ****   * @brief  Sets IWDG Prescaler value.
 100:./Libraries/STM32F10x_StdPeriph_Driver/src/stm32f10x_iwdg.c ****   * @param  IWDG_Prescaler: specifies the IWDG Prescaler value.
 101:./Libraries/STM32F10x_StdPeriph_Driver/src/stm32f10x_iwdg.c ****   *   This parameter can be one of the following values:
 102:./Libraries/STM32F10x_StdPeriph_Driver/src/stm32f10x_iwdg.c ****   *     @arg IWDG_Prescaler_4: IWDG prescaler set to 4
 103:./Libraries/STM32F10x_StdPeriph_Driver/src/stm32f10x_iwdg.c ****   *     @arg IWDG_Prescaler_8: IWDG prescaler set to 8
 104:./Libraries/STM32F10x_StdPeriph_Driver/src/stm32f10x_iwdg.c ****   *     @arg IWDG_Prescaler_16: IWDG prescaler set to 16
 105:./Libraries/STM32F10x_StdPeriph_Driver/src/stm32f10x_iwdg.c ****   *     @arg IWDG_Prescaler_32: IWDG prescaler set to 32
 106:./Libraries/STM32F10x_StdPeriph_Driver/src/stm32f10x_iwdg.c ****   *     @arg IWDG_Prescaler_64: IWDG prescaler set to 64
 107:./Libraries/STM32F10x_StdPeriph_Driver/src/stm32f10x_iwdg.c ****   *     @arg IWDG_Prescaler_128: IWDG prescaler set to 128
 108:./Libraries/STM32F10x_StdPeriph_Driver/src/stm32f10x_iwdg.c ****   *     @arg IWDG_Prescaler_256: IWDG prescaler set to 256
 109:./Libraries/STM32F10x_StdPeriph_Driver/src/stm32f10x_iwdg.c ****   * @retval None
 110:./Libraries/STM32F10x_StdPeriph_Driver/src/stm32f10x_iwdg.c ****   */
 111:./Libraries/STM32F10x_StdPeriph_Driver/src/stm32f10x_iwdg.c **** void IWDG_SetPrescaler(uint8_t IWDG_Prescaler)
 112:./Libraries/STM32F10x_StdPeriph_Driver/src/stm32f10x_iwdg.c **** {
  57              		.loc 1 112 1 is_stmt 1 view -0
  58              		.cfi_startproc
  59              		@ args = 0, pretend = 0, frame = 0
  60              		@ frame_needed = 0, uses_anonymous_args = 0
  61              		@ link register save eliminated.
 113:./Libraries/STM32F10x_StdPeriph_Driver/src/stm32f10x_iwdg.c ****   /* Check the parameters */
ARM GAS  /tmp/ccIgBHSn.s 			page 4


 114:./Libraries/STM32F10x_StdPeriph_Driver/src/stm32f10x_iwdg.c ****   assert_param(IS_IWDG_PRESCALER(IWDG_Prescaler));
  62              		.loc 1 114 3 view .LVU6
 115:./Libraries/STM32F10x_StdPeriph_Driver/src/stm32f10x_iwdg.c ****   IWDG->PR = IWDG_Prescaler;
  63              		.loc 1 115 3 view .LVU7
  64              		.loc 1 115 12 is_stmt 0 view .LVU8
  65 0000 014B     		ldr	r3, .L5
  66 0002 5860     		str	r0, [r3, #4]
 116:./Libraries/STM32F10x_StdPeriph_Driver/src/stm32f10x_iwdg.c **** }
  67              		.loc 1 116 1 view .LVU9
  68 0004 7047     		bx	lr
  69              	.L6:
  70 0006 00BF     		.align	2
  71              	.L5:
  72 0008 00300040 		.word	1073754112
  73              		.cfi_endproc
  74              	.LFE30:
  76              		.section	.text.IWDG_SetReload,"ax",%progbits
  77              		.align	1
  78              		.global	IWDG_SetReload
  79              		.syntax unified
  80              		.thumb
  81              		.thumb_func
  83              	IWDG_SetReload:
  84              	.LVL2:
  85              	.LFB31:
 117:./Libraries/STM32F10x_StdPeriph_Driver/src/stm32f10x_iwdg.c **** 
 118:./Libraries/STM32F10x_StdPeriph_Driver/src/stm32f10x_iwdg.c **** /**
 119:./Libraries/STM32F10x_StdPeriph_Driver/src/stm32f10x_iwdg.c ****   * @brief  Sets IWDG Reload value.
 120:./Libraries/STM32F10x_StdPeriph_Driver/src/stm32f10x_iwdg.c ****   * @param  Reload: specifies the IWDG Reload value.
 121:./Libraries/STM32F10x_StdPeriph_Driver/src/stm32f10x_iwdg.c ****   *   This parameter must be a number between 0 and 0x0FFF.
 122:./Libraries/STM32F10x_StdPeriph_Driver/src/stm32f10x_iwdg.c ****   * @retval None
 123:./Libraries/STM32F10x_StdPeriph_Driver/src/stm32f10x_iwdg.c ****   */
 124:./Libraries/STM32F10x_StdPeriph_Driver/src/stm32f10x_iwdg.c **** void IWDG_SetReload(uint16_t Reload)
 125:./Libraries/STM32F10x_StdPeriph_Driver/src/stm32f10x_iwdg.c **** {
  86              		.loc 1 125 1 is_stmt 1 view -0
  87              		.cfi_startproc
  88              		@ args = 0, pretend = 0, frame = 0
  89              		@ frame_needed = 0, uses_anonymous_args = 0
  90              		@ link register save eliminated.
 126:./Libraries/STM32F10x_StdPeriph_Driver/src/stm32f10x_iwdg.c ****   /* Check the parameters */
 127:./Libraries/STM32F10x_StdPeriph_Driver/src/stm32f10x_iwdg.c ****   assert_param(IS_IWDG_RELOAD(Reload));
  91              		.loc 1 127 3 view .LVU11
 128:./Libraries/STM32F10x_StdPeriph_Driver/src/stm32f10x_iwdg.c ****   IWDG->RLR = Reload;
  92              		.loc 1 128 3 view .LVU12
  93              		.loc 1 128 13 is_stmt 0 view .LVU13
  94 0000 014B     		ldr	r3, .L8
  95 0002 9860     		str	r0, [r3, #8]
 129:./Libraries/STM32F10x_StdPeriph_Driver/src/stm32f10x_iwdg.c **** }
  96              		.loc 1 129 1 view .LVU14
  97 0004 7047     		bx	lr
  98              	.L9:
  99 0006 00BF     		.align	2
 100              	.L8:
 101 0008 00300040 		.word	1073754112
 102              		.cfi_endproc
 103              	.LFE31:
 105              		.section	.text.IWDG_ReloadCounter,"ax",%progbits
ARM GAS  /tmp/ccIgBHSn.s 			page 5


 106              		.align	1
 107              		.global	IWDG_ReloadCounter
 108              		.syntax unified
 109              		.thumb
 110              		.thumb_func
 112              	IWDG_ReloadCounter:
 113              	.LFB32:
 130:./Libraries/STM32F10x_StdPeriph_Driver/src/stm32f10x_iwdg.c **** 
 131:./Libraries/STM32F10x_StdPeriph_Driver/src/stm32f10x_iwdg.c **** /**
 132:./Libraries/STM32F10x_StdPeriph_Driver/src/stm32f10x_iwdg.c ****   * @brief  Reloads IWDG counter with value defined in the reload register
 133:./Libraries/STM32F10x_StdPeriph_Driver/src/stm32f10x_iwdg.c ****   *   (write access to IWDG_PR and IWDG_RLR registers disabled).
 134:./Libraries/STM32F10x_StdPeriph_Driver/src/stm32f10x_iwdg.c ****   * @param  None
 135:./Libraries/STM32F10x_StdPeriph_Driver/src/stm32f10x_iwdg.c ****   * @retval None
 136:./Libraries/STM32F10x_StdPeriph_Driver/src/stm32f10x_iwdg.c ****   */
 137:./Libraries/STM32F10x_StdPeriph_Driver/src/stm32f10x_iwdg.c **** void IWDG_ReloadCounter(void)
 138:./Libraries/STM32F10x_StdPeriph_Driver/src/stm32f10x_iwdg.c **** {
 114              		.loc 1 138 1 is_stmt 1 view -0
 115              		.cfi_startproc
 116              		@ args = 0, pretend = 0, frame = 0
 117              		@ frame_needed = 0, uses_anonymous_args = 0
 118              		@ link register save eliminated.
 139:./Libraries/STM32F10x_StdPeriph_Driver/src/stm32f10x_iwdg.c ****   IWDG->KR = KR_KEY_Reload;
 119              		.loc 1 139 3 view .LVU16
 120              		.loc 1 139 12 is_stmt 0 view .LVU17
 121 0000 024B     		ldr	r3, .L11
 122 0002 4AF6AA22 		movw	r2, #43690
 123 0006 1A60     		str	r2, [r3]
 140:./Libraries/STM32F10x_StdPeriph_Driver/src/stm32f10x_iwdg.c **** }
 124              		.loc 1 140 1 view .LVU18
 125 0008 7047     		bx	lr
 126              	.L12:
 127 000a 00BF     		.align	2
 128              	.L11:
 129 000c 00300040 		.word	1073754112
 130              		.cfi_endproc
 131              	.LFE32:
 133              		.section	.text.IWDG_Enable,"ax",%progbits
 134              		.align	1
 135              		.global	IWDG_Enable
 136              		.syntax unified
 137              		.thumb
 138              		.thumb_func
 140              	IWDG_Enable:
 141              	.LFB33:
 141:./Libraries/STM32F10x_StdPeriph_Driver/src/stm32f10x_iwdg.c **** 
 142:./Libraries/STM32F10x_StdPeriph_Driver/src/stm32f10x_iwdg.c **** /**
 143:./Libraries/STM32F10x_StdPeriph_Driver/src/stm32f10x_iwdg.c ****   * @brief  Enables IWDG (write access to IWDG_PR and IWDG_RLR registers disabled).
 144:./Libraries/STM32F10x_StdPeriph_Driver/src/stm32f10x_iwdg.c ****   * @param  None
 145:./Libraries/STM32F10x_StdPeriph_Driver/src/stm32f10x_iwdg.c ****   * @retval None
 146:./Libraries/STM32F10x_StdPeriph_Driver/src/stm32f10x_iwdg.c ****   */
 147:./Libraries/STM32F10x_StdPeriph_Driver/src/stm32f10x_iwdg.c **** void IWDG_Enable(void)
 148:./Libraries/STM32F10x_StdPeriph_Driver/src/stm32f10x_iwdg.c **** {
 142              		.loc 1 148 1 is_stmt 1 view -0
 143              		.cfi_startproc
 144              		@ args = 0, pretend = 0, frame = 0
 145              		@ frame_needed = 0, uses_anonymous_args = 0
 146              		@ link register save eliminated.
ARM GAS  /tmp/ccIgBHSn.s 			page 6


 149:./Libraries/STM32F10x_StdPeriph_Driver/src/stm32f10x_iwdg.c ****   IWDG->KR = KR_KEY_Enable;
 147              		.loc 1 149 3 view .LVU20
 148              		.loc 1 149 12 is_stmt 0 view .LVU21
 149 0000 024B     		ldr	r3, .L14
 150 0002 4CF6CC42 		movw	r2, #52428
 151 0006 1A60     		str	r2, [r3]
 150:./Libraries/STM32F10x_StdPeriph_Driver/src/stm32f10x_iwdg.c **** }
 152              		.loc 1 150 1 view .LVU22
 153 0008 7047     		bx	lr
 154              	.L15:
 155 000a 00BF     		.align	2
 156              	.L14:
 157 000c 00300040 		.word	1073754112
 158              		.cfi_endproc
 159              	.LFE33:
 161              		.section	.text.IWDG_GetFlagStatus,"ax",%progbits
 162              		.align	1
 163              		.global	IWDG_GetFlagStatus
 164              		.syntax unified
 165              		.thumb
 166              		.thumb_func
 168              	IWDG_GetFlagStatus:
 169              	.LVL3:
 170              	.LFB34:
 151:./Libraries/STM32F10x_StdPeriph_Driver/src/stm32f10x_iwdg.c **** 
 152:./Libraries/STM32F10x_StdPeriph_Driver/src/stm32f10x_iwdg.c **** /**
 153:./Libraries/STM32F10x_StdPeriph_Driver/src/stm32f10x_iwdg.c ****   * @brief  Checks whether the specified IWDG flag is set or not.
 154:./Libraries/STM32F10x_StdPeriph_Driver/src/stm32f10x_iwdg.c ****   * @param  IWDG_FLAG: specifies the flag to check.
 155:./Libraries/STM32F10x_StdPeriph_Driver/src/stm32f10x_iwdg.c ****   *   This parameter can be one of the following values:
 156:./Libraries/STM32F10x_StdPeriph_Driver/src/stm32f10x_iwdg.c ****   *     @arg IWDG_FLAG_PVU: Prescaler Value Update on going
 157:./Libraries/STM32F10x_StdPeriph_Driver/src/stm32f10x_iwdg.c ****   *     @arg IWDG_FLAG_RVU: Reload Value Update on going
 158:./Libraries/STM32F10x_StdPeriph_Driver/src/stm32f10x_iwdg.c ****   * @retval The new state of IWDG_FLAG (SET or RESET).
 159:./Libraries/STM32F10x_StdPeriph_Driver/src/stm32f10x_iwdg.c ****   */
 160:./Libraries/STM32F10x_StdPeriph_Driver/src/stm32f10x_iwdg.c **** FlagStatus IWDG_GetFlagStatus(uint16_t IWDG_FLAG)
 161:./Libraries/STM32F10x_StdPeriph_Driver/src/stm32f10x_iwdg.c **** {
 171              		.loc 1 161 1 is_stmt 1 view -0
 172              		.cfi_startproc
 173              		@ args = 0, pretend = 0, frame = 0
 174              		@ frame_needed = 0, uses_anonymous_args = 0
 175              		@ link register save eliminated.
 162:./Libraries/STM32F10x_StdPeriph_Driver/src/stm32f10x_iwdg.c ****   FlagStatus bitstatus = RESET;
 176              		.loc 1 162 3 view .LVU24
 163:./Libraries/STM32F10x_StdPeriph_Driver/src/stm32f10x_iwdg.c ****   /* Check the parameters */
 164:./Libraries/STM32F10x_StdPeriph_Driver/src/stm32f10x_iwdg.c ****   assert_param(IS_IWDG_FLAG(IWDG_FLAG));
 177              		.loc 1 164 3 view .LVU25
 165:./Libraries/STM32F10x_StdPeriph_Driver/src/stm32f10x_iwdg.c ****   if ((IWDG->SR & IWDG_FLAG) != (uint32_t)RESET)
 178              		.loc 1 165 3 view .LVU26
 179              		.loc 1 165 12 is_stmt 0 view .LVU27
 180 0000 034B     		ldr	r3, .L19
 181 0002 DB68     		ldr	r3, [r3, #12]
 182              		.loc 1 165 6 view .LVU28
 183 0004 1842     		tst	r0, r3
 184 0006 01D0     		beq	.L18
 166:./Libraries/STM32F10x_StdPeriph_Driver/src/stm32f10x_iwdg.c ****   {
 167:./Libraries/STM32F10x_StdPeriph_Driver/src/stm32f10x_iwdg.c ****     bitstatus = SET;
 185              		.loc 1 167 15 view .LVU29
 186 0008 0120     		movs	r0, #1
ARM GAS  /tmp/ccIgBHSn.s 			page 7


 187              	.LVL4:
 188              		.loc 1 167 15 view .LVU30
 189 000a 7047     		bx	lr
 190              	.LVL5:
 191              	.L18:
 168:./Libraries/STM32F10x_StdPeriph_Driver/src/stm32f10x_iwdg.c ****   }
 169:./Libraries/STM32F10x_StdPeriph_Driver/src/stm32f10x_iwdg.c ****   else
 170:./Libraries/STM32F10x_StdPeriph_Driver/src/stm32f10x_iwdg.c ****   {
 171:./Libraries/STM32F10x_StdPeriph_Driver/src/stm32f10x_iwdg.c ****     bitstatus = RESET;
 192              		.loc 1 171 15 view .LVU31
 193 000c 0020     		movs	r0, #0
 194              	.LVL6:
 172:./Libraries/STM32F10x_StdPeriph_Driver/src/stm32f10x_iwdg.c ****   }
 173:./Libraries/STM32F10x_StdPeriph_Driver/src/stm32f10x_iwdg.c ****   /* Return the flag status */
 174:./Libraries/STM32F10x_StdPeriph_Driver/src/stm32f10x_iwdg.c ****   return bitstatus;
 195              		.loc 1 174 3 is_stmt 1 view .LVU32
 175:./Libraries/STM32F10x_StdPeriph_Driver/src/stm32f10x_iwdg.c **** }
 196              		.loc 1 175 1 is_stmt 0 view .LVU33
 197 000e 7047     		bx	lr
 198              	.L20:
 199              		.align	2
 200              	.L19:
 201 0010 00300040 		.word	1073754112
 202              		.cfi_endproc
 203              	.LFE34:
 205              		.text
 206              	.Letext0:
 207              		.file 2 "/usr/arm-none-eabi/include/machine/_default_types.h"
 208              		.file 3 "/usr/arm-none-eabi/include/sys/_stdint.h"
 209              		.file 4 "./Libraries/CMSIS/CM3/DeviceSupport/ST/STM32F10x/stm32f10x.h"
ARM GAS  /tmp/ccIgBHSn.s 			page 8


DEFINED SYMBOLS
                            *ABS*:00000000 stm32f10x_iwdg.c
     /tmp/ccIgBHSn.s:19     .text.IWDG_WriteAccessCmd:00000000 $t
     /tmp/ccIgBHSn.s:25     .text.IWDG_WriteAccessCmd:00000000 IWDG_WriteAccessCmd
     /tmp/ccIgBHSn.s:43     .text.IWDG_WriteAccessCmd:00000008 $d
     /tmp/ccIgBHSn.s:48     .text.IWDG_SetPrescaler:00000000 $t
     /tmp/ccIgBHSn.s:54     .text.IWDG_SetPrescaler:00000000 IWDG_SetPrescaler
     /tmp/ccIgBHSn.s:72     .text.IWDG_SetPrescaler:00000008 $d
     /tmp/ccIgBHSn.s:77     .text.IWDG_SetReload:00000000 $t
     /tmp/ccIgBHSn.s:83     .text.IWDG_SetReload:00000000 IWDG_SetReload
     /tmp/ccIgBHSn.s:101    .text.IWDG_SetReload:00000008 $d
     /tmp/ccIgBHSn.s:106    .text.IWDG_ReloadCounter:00000000 $t
     /tmp/ccIgBHSn.s:112    .text.IWDG_ReloadCounter:00000000 IWDG_ReloadCounter
     /tmp/ccIgBHSn.s:129    .text.IWDG_ReloadCounter:0000000c $d
     /tmp/ccIgBHSn.s:134    .text.IWDG_Enable:00000000 $t
     /tmp/ccIgBHSn.s:140    .text.IWDG_Enable:00000000 IWDG_Enable
     /tmp/ccIgBHSn.s:157    .text.IWDG_Enable:0000000c $d
     /tmp/ccIgBHSn.s:162    .text.IWDG_GetFlagStatus:00000000 $t
     /tmp/ccIgBHSn.s:168    .text.IWDG_GetFlagStatus:00000000 IWDG_GetFlagStatus
     /tmp/ccIgBHSn.s:201    .text.IWDG_GetFlagStatus:00000010 $d

NO UNDEFINED SYMBOLS
